#
# A fatal error has been detected by the Java Runtime Environment:
#
#  EXCEPTION_ACCESS_VIOLATION (0xc0000005) at pc=0x0000000000000000, pid=6784, tid=0x0000000000000e18
#
# JRE version: Java(TM) SE Runtime Environment (8.0_102-b14) (build 1.8.0_102-b14)
# Java VM: Java HotSpot(TM) 64-Bit Server VM (25.102-b14 mixed mode windows-amd64 compressed oops)
# Problematic frame:
# C  0x0000000000000000
#
# Failed to write core dump. Minidumps are not enabled by default on client versions of Windows
#
# If you would like to submit a bug report, please visit:
#   http://bugreport.java.com/bugreport/crash.jsp
# The crash happened outside the Java Virtual Machine in native code.
# See problematic frame for where to report the bug.
#

---------------  T H R E A D  ---------------

Current thread (0x0000000057712000):  JavaThread "LWJGL Application" [_thread_in_native, id=3608, stack(0x00000000592b0000,0x00000000593b0000)]

siginfo: ExceptionCode=0xc0000005, ExceptionInformation=0x0000000000000008 0x0000000000000000

Registers:
RAX=0x0000000000000000, RBX=0x00000000547bfb38, RCX=0x000000005d4005c0, RDX=0x00000000593aec60
RSP=0x00000000593aec38, RBP=0x00000000593aeca0, RSI=0x00000000ebda8f80, RDI=0x0000000054a28440
R8 =0x000000005d4005c0, R9 =0x00000000000000cb, R10=0x0000000002ad457b, R11=0x0000000002ad3e20
R12=0x0000000000000000, R13=0x00000000593aecf8, R14=0x0000000000000000, R15=0x0000000057712000
RIP=0x0000000000000000, EFLAGS=0x0000000000010206

Top of Stack: (sp=0x00000000593aec38)
0x00000000593aec38:   0000000002ad45f5 00000000547acde8
0x00000000593aec48:   0000000054a24760 00000000547aacb0
0x00000000593aec58:   0000000000000000 00000000ebda8f80
0x00000000593aec68:   00000000593aece8 0000000002827b10
0x00000000593aec78:   00000000000001b4 0000000000000006
0x00000000593aec88:   00000000eb9e66d8 0000000000000001
0x00000000593aec98:   00000000ec4ec628 00000000593aed40
0x00000000593aeca8:   0000000002ad3e84 00000000549a9bee
0x00000000593aecb8:   00000000593aecf8 00000000549ad808
0x00000000593aecc8:   0000000000000000 00000000549a9c10
0x00000000593aecd8:   0000000000000000 00000000593aed40
0x00000000593aece8:   0000000002828331 0000000002828331
0x00000000593aecf8:   00000000ebda8f80 00000000593aed00
0x00000000593aed08:   000000005499f8de 00000000593aed50
0x00000000593aed18:   00000000549fb088 0000000000000000
0x00000000593aed28:   000000005499f908 00000000593aecf8 

Instructions: (pc=0x0000000000000000)
0xffffffffffffffe0:   


Register to memory mapping:

RAX=0x0000000000000000 is an unknown value
RBX={method} {0x00000000547bfb40} 'dispose' '()V' in 'com/badlogic/gdx/physics/box2d/Shape'
RCX=0x000000005d4005c0 is an unknown value
RDX=0x00000000593aec60 is pointing into the stack for thread: 0x0000000057712000
RSP=0x00000000593aec38 is pointing into the stack for thread: 0x0000000057712000
RBP=0x00000000593aeca0 is pointing into the stack for thread: 0x0000000057712000
RSI=0x00000000ebda8f80 is an oop
com.badlogic.gdx.physics.box2d.PolygonShape 
 - klass: 'com/badlogic/gdx/physics/box2d/PolygonShape'
RDI=0x0000000054a28440 is pointing into metadata
R8 =0x000000005d4005c0 is an unknown value
R9 =0x00000000000000cb is an unknown value
R10=0x0000000002ad457b is at entry_point+59 in (nmethod*)0x0000000002ad43d0
R11=0x0000000002ad3e20 is at entry_point+32 in (nmethod*)0x0000000002ad3c90
R12=0x0000000000000000 is an unknown value
R13=0x00000000593aecf8 is pointing into the stack for thread: 0x0000000057712000
R14=0x0000000000000000 is an unknown value
R15=0x0000000057712000 is a thread


Stack: [0x00000000592b0000,0x00000000593b0000],  sp=0x00000000593aec38,  free space=1019k
Native frames: (J=compiled Java code, j=interpreted, Vv=VM code, C=native code)

Java frames: (J=compiled Java code, j=interpreted, Vv=VM code)
J 647  com.badlogic.gdx.physics.box2d.Shape.jniDispose(J)V (0 bytes) @ 0x0000000002ad457b [0x0000000002ad4540+0x3b]
J 646 C1 com.badlogic.gdx.physics.box2d.Shape.dispose()V (9 bytes) @ 0x0000000002ad3e84 [0x0000000002ad3e00+0x84]
j  com.game.game_objects.Rectangle.dispose()V+14
j  com.game.ui.PuzzleGame.dispose()V+38
j  com.badlogic.gdx.backends.lwjgl.LwjglApplication.mainLoop()V+822
j  com.badlogic.gdx.backends.lwjgl.LwjglApplication$1.run()V+27
v  ~StubRoutines::call_stub

---------------  P R O C E S S  ---------------

Java Threads: ( => current thread )
  0x00000000577c2000 JavaThread "LWJGL Timer" daemon [_thread_blocked, id=6400, stack(0x000000005ed90000,0x000000005ee90000)]
  0x0000000001d28000 JavaThread "DestroyJavaVM" [_thread_blocked, id=3820, stack(0x0000000002210000,0x0000000002310000)]
=>0x0000000057712000 JavaThread "LWJGL Application" [_thread_in_native, id=3608, stack(0x00000000592b0000,0x00000000593b0000)]
  0x0000000056387000 JavaThread "Monitor Ctrl-Break" daemon [_thread_in_native, id=6528, stack(0x0000000057240000,0x0000000057340000)]
  0x0000000056243000 JavaThread "Service Thread" daemon [_thread_blocked, id=5632, stack(0x0000000056f80000,0x0000000057080000)]
  0x0000000056239000 JavaThread "C1 CompilerThread2" daemon [_thread_blocked, id=7032, stack(0x0000000056d70000,0x0000000056e70000)]
  0x0000000056238000 JavaThread "C2 CompilerThread1" daemon [_thread_blocked, id=5840, stack(0x0000000056ad0000,0x0000000056bd0000)]
  0x0000000056236000 JavaThread "C2 CompilerThread0" daemon [_thread_blocked, id=7164, stack(0x0000000056930000,0x0000000056a30000)]
  0x0000000056232800 JavaThread "Attach Listener" daemon [_thread_blocked, id=6772, stack(0x0000000056810000,0x0000000056910000)]
  0x0000000054d96800 JavaThread "Signal Dispatcher" daemon [_thread_blocked, id=4068, stack(0x0000000056640000,0x0000000056740000)]
  0x0000000054d80000 JavaThread "Finalizer" daemon [_thread_blocked, id=4576, stack(0x0000000055fd0000,0x00000000560d0000)]
  0x0000000054d39000 JavaThread "Reference Handler" daemon [_thread_blocked, id=5912, stack(0x0000000056130000,0x0000000056230000)]

Other Threads:
  0x0000000054d2d800 VMThread [stack: 0x0000000055ea0000,0x0000000055fa0000] [id=4832]
  0x00000000562aa800 WatcherThread [stack: 0x0000000056c30000,0x0000000056d30000] [id=3716]

VM state:not at safepoint (normal execution)

VM Mutex/Monitor currently owned by a thread: None

Heap:
 PSYoungGen      total 18944K, used 12537K [0x00000000eb400000, 0x00000000ec900000, 0x0000000100000000)
  eden space 16384K, 60% used [0x00000000eb400000,0x00000000ebdc1fe8,0x00000000ec400000)
  from space 2560K, 99% used [0x00000000ec400000,0x00000000ec67c460,0x00000000ec680000)
  to   space 2560K, 0% used [0x00000000ec680000,0x00000000ec680000,0x00000000ec900000)
 ParOldGen       total 44032K, used 554K [0x00000000c1c00000, 0x00000000c4700000, 0x00000000eb400000)
  object space 44032K, 1% used [0x00000000c1c00000,0x00000000c1c8a9c0,0x00000000c4700000)
 Metaspace       used 7625K, capacity 7687K, committed 7936K, reserved 1056768K
  class space    used 693K, capacity 720K, committed 768K, reserved 1048576K

Card table byte_map: [0x0000000011be0000,0x0000000011de0000] byte_map_base: 0x00000000115d2000

Marking Bits: (ParMarkBitMap*) 0x000000005e44a6c0
 Begin Bits: [0x0000000012280000, 0x0000000013210000)
 End Bits:   [0x0000000013210000, 0x00000000141a0000)

Polling page: 0x0000000000330000

CodeCache: size=245760Kb used=3895Kb max_used=3900Kb free=241864Kb
 bounds [0x0000000002820000, 0x0000000002c00000, 0x0000000011820000]
 total_blobs=1524 nmethods=1026 adapters=411
 compilation: enabled

Compilation events (10 events):
Event: 8.123 Thread 0x0000000056239000 1022       3       com.badlogic.gdx.backends.lwjgl.LwjglInput::update (13 bytes)
Event: 8.123 Thread 0x0000000056239000 nmethod 1022 0x0000000002be8410 code [0x0000000002be85c0, 0x0000000002be8998]
Event: 8.123 Thread 0x0000000056239000 1023       3       com.badlogic.gdx.backends.lwjgl.LwjglInput::updateTime (24 bytes)
Event: 8.123 Thread 0x0000000056239000 nmethod 1023 0x0000000002beac50 code [0x0000000002beadc0, 0x0000000002beaf50]
Event: 8.187 Thread 0x0000000056238000 1024       4       java.util.Arrays::copyOfRange (63 bytes)
Event: 8.192 Thread 0x0000000056238000 nmethod 1024 0x0000000002bf1f10 code [0x0000000002bf2060, 0x0000000002bf2278]
Event: 8.237 Thread 0x0000000056236000 1025       4       com.badlogic.gdx.physics.box2d.Body::createFixture (105 bytes)
Event: 8.246 Thread 0x0000000056236000 nmethod 1025 0x0000000002bf0410 code [0x0000000002bf05e0, 0x0000000002bf0970]
Event: 8.589 Thread 0x0000000056239000 1026       3       com.badlogic.gdx.graphics.g2d.BitmapFontCache::requirePageGlyphs (116 bytes)
Event: 8.590 Thread 0x0000000056239000 nmethod 1026 0x0000000002bf0f10 code [0x0000000002bf10e0, 0x0000000002bf1a18]

GC Heap History (2 events):
Event: 1.581 GC heap before
{Heap before GC invocations=1 (full 0):
 PSYoungGen      total 18944K, used 16384K [0x00000000eb400000, 0x00000000ec900000, 0x0000000100000000)
  eden space 16384K, 100% used [0x00000000eb400000,0x00000000ec400000,0x00000000ec400000)
  from space 2560K, 0% used [0x00000000ec680000,0x00000000ec680000,0x00000000ec900000)
  to   space 2560K, 0% used [0x00000000ec400000,0x00000000ec400000,0x00000000ec680000)
 ParOldGen       total 44032K, used 0K [0x00000000c1c00000, 0x00000000c4700000, 0x00000000eb400000)
  object space 44032K, 0% used [0x00000000c1c00000,0x00000000c1c00000,0x00000000c4700000)
 Metaspace       used 7173K, capacity 7299K, committed 7424K, reserved 1056768K
  class space    used 677K, capacity 720K, committed 768K, reserved 1048576K
Event: 1.586 GC heap after
Heap after GC invocations=1 (full 0):
 PSYoungGen      total 18944K, used 2545K [0x00000000eb400000, 0x00000000ec900000, 0x0000000100000000)
  eden space 16384K, 0% used [0x00000000eb400000,0x00000000eb400000,0x00000000ec400000)
  from space 2560K, 99% used [0x00000000ec400000,0x00000000ec67c460,0x00000000ec680000)
  to   space 2560K, 0% used [0x00000000ec680000,0x00000000ec680000,0x00000000ec900000)
 ParOldGen       total 44032K, used 554K [0x00000000c1c00000, 0x00000000c4700000, 0x00000000eb400000)
  object space 44032K, 1% used [0x00000000c1c00000,0x00000000c1c8a9c0,0x00000000c4700000)
 Metaspace       used 7173K, capacity 7299K, committed 7424K, reserved 1056768K
  class space    used 677K, capacity 720K, committed 768K, reserved 1048576K
}

Deoptimization events (2 events):
Event: 8.786 Thread 0x0000000057712000 Uncommon trap: reason=unstable_if action=reinterpret pc=0x0000000002b93748 method=com.badlogic.gdx.utils.Array$ArrayIterable.iterator()Ljava/util/Iterator; @ 4
Event: 8.787 Thread 0x0000000057712000 Uncommon trap: reason=unstable_if action=reinterpret pc=0x0000000002bec904 method=com.badlogic.gdx.utils.Array.removeValue(Ljava/lang/Object;Z)Z @ 34

Internal exceptions (10 events):
Event: 0.324 Thread 0x0000000001d28000 Exception <a 'java/security/PrivilegedActionException'> (0x00000000eb769230) thrown at [C:\re\workspace\8-2-build-windows-amd64-cygwin\jdk8u102\7268\hotspot\src\share\vm\prims\jvm.cpp, line 1386]
Event: 0.325 Thread 0x0000000001d28000 Exception <a 'java/security/PrivilegedActionException'> (0x00000000eb76d300) thrown at [C:\re\workspace\8-2-build-windows-amd64-cygwin\jdk8u102\7268\hotspot\src\share\vm\prims\jvm.cpp, line 1386]
Event: 0.325 Thread 0x0000000001d28000 Exception <a 'java/security/PrivilegedActionException'> (0x00000000eb76d510) thrown at [C:\re\workspace\8-2-build-windows-amd64-cygwin\jdk8u102\7268\hotspot\src\share\vm\prims\jvm.cpp, line 1386]
Event: 0.586 Thread 0x0000000001d28000 Exception <a 'java/security/PrivilegedActionException'> (0x00000000eb8da080) thrown at [C:\re\workspace\8-2-build-windows-amd64-cygwin\jdk8u102\7268\hotspot\src\share\vm\prims\jvm.cpp, line 1386]
Event: 0.586 Thread 0x0000000001d28000 Exception <a 'java/security/PrivilegedActionException'> (0x00000000eb8dbd58) thrown at [C:\re\workspace\8-2-build-windows-amd64-cygwin\jdk8u102\7268\hotspot\src\share\vm\prims\jvm.cpp, line 1386]
Event: 0.586 Thread 0x0000000001d28000 Exception <a 'java/security/PrivilegedActionException'> (0x00000000eb8dcec8) thrown at [C:\re\workspace\8-2-build-windows-amd64-cygwin\jdk8u102\7268\hotspot\src\share\vm\prims\jvm.cpp, line 1386]
Event: 0.587 Thread 0x0000000001d28000 Exception <a 'java/security/PrivilegedActionException'> (0x00000000eb8e2090) thrown at [C:\re\workspace\8-2-build-windows-amd64-cygwin\jdk8u102\7268\hotspot\src\share\vm\prims\jvm.cpp, line 1386]
Event: 0.587 Thread 0x0000000001d28000 Exception <a 'java/security/PrivilegedActionException'> (0x00000000eb8e2ce8) thrown at [C:\re\workspace\8-2-build-windows-amd64-cygwin\jdk8u102\7268\hotspot\src\share\vm\prims\jvm.cpp, line 1386]
Event: 0.587 Thread 0x0000000001d28000 Exception <a 'java/security/PrivilegedActionException'> (0x00000000eb8e3910) thrown at [C:\re\workspace\8-2-build-windows-amd64-cygwin\jdk8u102\7268\hotspot\src\share\vm\prims\jvm.cpp, line 1386]
Event: 8.786 Thread 0x0000000057712000 Implicit null exception at 0x0000000002b936e0 to 0x0000000002b93735

Events (10 events):
Event: 5.036 loading class com/badlogic/gdx/utils/TimeUtils done
Event: 8.785 loading class com/badlogic/gdx/backends/lwjgl/LwjglApplication$2
Event: 8.785 loading class com/badlogic/gdx/backends/lwjgl/LwjglApplication$2 done
Event: 8.786 Thread 0x0000000057712000 Uncommon trap: trap_request=0xffffff65 fr.pc=0x0000000002b93748
Event: 8.786 Thread 0x0000000057712000 DEOPT PACKING pc=0x0000000002b93748 sp=0x00000000593aecf0
Event: 8.786 Thread 0x0000000057712000 DEOPT UNPACKING pc=0x000000000286582a sp=0x00000000593aec90 mode 2
Event: 8.786 Thread 0x00000000577a8800 Thread exited: 0x00000000577a8800
Event: 8.787 Thread 0x0000000057712000 Uncommon trap: trap_request=0xffffff65 fr.pc=0x0000000002bec904
Event: 8.787 Thread 0x0000000057712000 DEOPT PACKING pc=0x0000000002bec904 sp=0x00000000593aeb60
Event: 8.787 Thread 0x0000000057712000 DEOPT UNPACKING pc=0x000000000286582a sp=0x00000000593aeb28 mode 2


Dynamic libraries:
0x000000013fd80000 - 0x000000013fdb7000 	C:\Program Files\Java\jdk1.8.0_102\bin\java.exe
0x0000000076e50000 - 0x0000000076ff9000 	C:\Windows\SYSTEM32\ntdll.dll
0x0000000076c30000 - 0x0000000076d4f000 	C:\Windows\system32\kernel32.dll
0x000007fefcf60000 - 0x000007fefcfcc000 	C:\Windows\system32\KERNELBASE.dll
0x000007fefede0000 - 0x000007fefeebb000 	C:\Windows\system32\ADVAPI32.dll
0x000007fefe6d0000 - 0x000007fefe76f000 	C:\Windows\system32\msvcrt.dll
0x000007feff090000 - 0x000007feff0af000 	C:\Windows\SYSTEM32\sechost.dll
0x000007fefe5a0000 - 0x000007fefe6cd000 	C:\Windows\system32\RPCRT4.dll
0x0000000076d50000 - 0x0000000076e4a000 	C:\Windows\system32\USER32.dll
0x000007fefefa0000 - 0x000007feff007000 	C:\Windows\system32\GDI32.dll
0x000007fefe900000 - 0x000007fefe90e000 	C:\Windows\system32\LPK.dll
0x000007fefe480000 - 0x000007fefe549000 	C:\Windows\system32\USP10.dll
0x000007fefb090000 - 0x000007fefb284000 	C:\Windows\WinSxS\amd64_microsoft.windows.common-controls_6595b64144ccf1df_6.0.7601.17514_none_fa396087175ac9ac\COMCTL32.dll
0x000007fefe880000 - 0x000007fefe8f1000 	C:\Windows\system32\SHLWAPI.dll
0x000007feff0b0000 - 0x000007feff0de000 	C:\Windows\system32\IMM32.DLL
0x000007fefe770000 - 0x000007fefe879000 	C:\Windows\system32\MSCTF.dll
0x000007fefcba0000 - 0x000007fefcbe4000 	C:\Windows\system32\nvinitx.dll
0x000000005eb40000 - 0x000000005ec11000 	C:\Program Files\Java\jdk1.8.0_102\jre\bin\msvcr100.dll
0x000000005dc30000 - 0x000000005e4ca000 	C:\Program Files\Java\jdk1.8.0_102\jre\bin\server\jvm.dll
0x000007fef1e20000 - 0x000007fef1e29000 	C:\Windows\system32\WSOCK32.dll
0x000007fefe550000 - 0x000007fefe59d000 	C:\Windows\system32\WS2_32.dll
0x000007fefe910000 - 0x000007fefe918000 	C:\Windows\system32\NSI.dll
0x000007fef96c0000 - 0x000007fef96fb000 	C:\Windows\system32\WINMM.dll
0x000007fefbd00000 - 0x000007fefbd0c000 	C:\Windows\system32\VERSION.dll
0x0000000077010000 - 0x0000000077017000 	C:\Windows\system32\PSAPI.DLL
0x00000000627a0000 - 0x00000000627af000 	C:\Program Files\Java\jdk1.8.0_102\jre\bin\verify.dll
0x000000005ed40000 - 0x000000005ed69000 	C:\Program Files\Java\jdk1.8.0_102\jre\bin\java.dll
0x0000000062780000 - 0x0000000062796000 	C:\Program Files\Java\jdk1.8.0_102\jre\bin\zip.dll
0x000007fefd270000 - 0x000007fefdff8000 	C:\Windows\system32\SHELL32.dll
0x000007fefe920000 - 0x000007fefeb23000 	C:\Windows\system32\ole32.dll
0x000007fefcc80000 - 0x000007fefcc8f000 	C:\Windows\system32\profapi.dll
0x000007fef41f0000 - 0x000007fef41ff000 	C:\Program Files\Android\Android Studio\bin\breakgen64.dll
0x000000005ed20000 - 0x000000005ed3a000 	C:\Program Files\Java\jdk1.8.0_102\jre\bin\net.dll
0x000007fefc410000 - 0x000007fefc465000 	C:\Windows\system32\mswsock.dll
0x000007fefc400000 - 0x000007fefc407000 	C:\Windows\System32\wship6.dll
0x0000000065580000 - 0x0000000065616000 	C:\Users\Dmitry\AppData\Local\Temp\libgdxDmitry\40f0d13c\gdx64.dll
0x000007fefc470000 - 0x000007fefc487000 	C:\Windows\system32\CRYPTSP.dll
0x000007fefc170000 - 0x000007fefc1b7000 	C:\Windows\system32\rsaenh.dll
0x000007fefceb0000 - 0x000007fefcece000 	C:\Windows\system32\USERENV.dll
0x000007fefcad0000 - 0x000007fefcadf000 	C:\Windows\system32\CRYPTBASE.dll
0x000007fefa540000 - 0x000007fefa567000 	C:\Windows\system32\IPHLPAPI.DLL
0x000007fefa530000 - 0x000007fefa53b000 	C:\Windows\system32\WINNSI.DLL
0x000007fefa360000 - 0x000007fefa378000 	C:\Windows\system32\dhcpcsvc.DLL
0x000007fefa340000 - 0x000007fefa351000 	C:\Windows\system32\dhcpcsvc6.DLL
0x000000005ed00000 - 0x000000005ed11000 	C:\Program Files\Java\jdk1.8.0_102\jre\bin\nio.dll
0x0000000180000000 - 0x0000000180053000 	C:\Users\Dmitry\AppData\Local\Temp\libgdxDmitry\dc0f0009\lwjgl64.dll
0x000007fee6160000 - 0x000007fee627d000 	C:\Windows\system32\OPENGL32.dll
0x000007fef41c0000 - 0x000007fef41ed000 	C:\Windows\system32\GLU32.dll
0x000007feef1c0000 - 0x000007feef2b1000 	C:\Windows\system32\DDRAW.dll
0x000007fefa2f0000 - 0x000007fefa2f8000 	C:\Windows\system32\DCIMAN32.dll
0x000007fefe2a0000 - 0x000007fefe477000 	C:\Windows\system32\SETUPAPI.dll
0x000007fefcfd0000 - 0x000007fefd006000 	C:\Windows\system32\CFGMGR32.dll
0x000007fefeec0000 - 0x000007fefef97000 	C:\Windows\system32\OLEAUT32.dll
0x000007fefcef0000 - 0x000007fefcf0a000 	C:\Windows\system32\DEVOBJ.dll
0x000007fefa740000 - 0x000007fefa758000 	C:\Windows\system32\dwmapi.dll
0x0000000056a30000 - 0x0000000056a94000 	C:\Users\Dmitry\AppData\Local\Temp\libgdxDmitry\dc0f0009\OpenAL64.dll
0x000007fefb290000 - 0x000007fefb2e6000 	C:\Windows\system32\uxtheme.dll
0x000007fefe000000 - 0x000007fefe099000 	C:\Windows\system32\CLBCatQ.DLL
0x000007fefb310000 - 0x000007fefb43c000 	C:\Windows\System32\PROPSYS.dll
0x000007fefcf20000 - 0x000007fefcf59000 	C:\Windows\system32\WINTRUST.dll
0x000007fefcd40000 - 0x000007fefceaa000 	C:\Windows\system32\CRYPT32.dll
0x000007fefcc90000 - 0x000007fefcc9f000 	C:\Windows\system32\MSASN1.dll
0x000007fef2810000 - 0x000007fef2898000 	C:\Windows\system32\dsound.dll
0x000007fefb900000 - 0x000007fefb92c000 	C:\Windows\system32\POWRPROF.dll
0x000007fefb8b0000 - 0x000007fefb8fb000 	C:\Windows\System32\MMDevApi.dll
0x000007fef2a60000 - 0x000007fef2aaf000 	C:\Windows\system32\AUDIOSES.DLL
0x00000000594c0000 - 0x000000005a53c000 	C:\Windows\system32\ig7icd64.dll
0x000007fef9700000 - 0x000007fef979c000 	C:\Windows\system32\mscms.dll
0x000007fef4170000 - 0x000007fef41b2000 	C:\Windows\system32\icm32.dll
0x0000000066bc0000 - 0x0000000066c7b000 	C:\Users\Dmitry\AppData\Local\Temp\libgdxDmitry\ad04a22e\gdx-box2d64.dll
0x000007fee6520000 - 0x000007fee6645000 	C:\Windows\system32\dbghelp.dll

VM Arguments:
jvm_args: -Didea.launcher.port=7538 -Didea.launcher.bin.path=C:\Program Files\Android\Android Studio\bin -Dfile.encoding=UTF-8 
java_command: com.intellij.rt.execution.application.AppMain com.game.desktop.DesktopLauncher
java_class_path (initial): C:\Program Files\Java\jdk1.8.0_102\jre\lib\charsets.jar;C:\Program Files\Java\jdk1.8.0_102\jre\lib\deploy.jar;C:\Program Files\Java\jdk1.8.0_102\jre\lib\ext\access-bridge-64.jar;C:\Program Files\Java\jdk1.8.0_102\jre\lib\ext\cldrdata.jar;C:\Program Files\Java\jdk1.8.0_102\jre\lib\ext\dnsns.jar;C:\Program Files\Java\jdk1.8.0_102\jre\lib\ext\jaccess.jar;C:\Program Files\Java\jdk1.8.0_102\jre\lib\ext\jfxrt.jar;C:\Program Files\Java\jdk1.8.0_102\jre\lib\ext\localedata.jar;C:\Program Files\Java\jdk1.8.0_102\jre\lib\ext\nashorn.jar;C:\Program Files\Java\jdk1.8.0_102\jre\lib\ext\sunec.jar;C:\Program Files\Java\jdk1.8.0_102\jre\lib\ext\sunjce_provider.jar;C:\Program Files\Java\jdk1.8.0_102\jre\lib\ext\sunmscapi.jar;C:\Program Files\Java\jdk1.8.0_102\jre\lib\ext\sunpkcs11.jar;C:\Program Files\Java\jdk1.8.0_102\jre\lib\ext\zipfs.jar;C:\Program Files\Java\jdk1.8.0_102\jre\lib\javaws.jar;C:\Program Files\Java\jdk1.8.0_102\jre\lib\jce.jar;C:\Program Files\Java\jdk1.8.0_102\jre\lib\jfr.jar;C:\Program Files\Java\jdk1.8.0_102\jre\lib\jfxswt.jar;C:\Program Files\Java\jdk1.8.0_102\jre\lib\jsse.jar;C:\Program Files\Java\jdk1.8.0_102\jre\lib\management-agent.jar;C:\Program Files\Java\jdk1.8.0_102\jre\lib\plugin.jar;C:\Program Files\Java\jdk1.8.0_102\jre\lib\resources.jar;C:\Program Files\Java\jdk1.8.0_102\jre\lib\rt.jar;C:\Users\Dmitry\AndroidStudioProjects\Physical-puzzle\desktop\build\classes\main;C:\Users\Dmitry\AndroidStudioProjects\Physical-puzzle\core\build\classes\main;C:\Users\Dmitry\.gradle\caches\modules-2\files-2.1\com.badlogicgames.gdx\gdx\1.6.1\bb5fe9832bcfe4bbc1de6bd357085b8a2a845d9c\gdx-1.6.1.jar;C:\Users\Dmitry\.gradle\caches\modules-2\files-2.1\com.badlogicgames.gdx\gdx-box2d\1.6.1\54d45169ae4f97d6ae4fe9daed87d80eea700f67\gdx-box2d-1.6.1.jar;C:\Users\Dmitry\AndroidStudioProjects\Physical-puzzle\core\build\libs\core-1.0.jar;C:\Users\Dmitry\.gradle\caches\modules-2\files-2.1\com.badlogicgames.gdx\gdx-backend-lwjgl\1.6.1\e3208559223c991f1db722
Launcher Type: SUN_STANDARD

Environment Variables:
JAVA_HOME=C:\Program Files\Java\jdk1.8.0_102
PATH=C:\ProgramData\Oracle\Java\javapath;C:\Program Files (x86)\Intel\iCLS Client\;C:\Program Files\Intel\iCLS Client\;C:\Windows\system32;C:\Windows;C:\Windows\System32\Wbem;C:\Windows\System32\WindowsPowerShell\v1.0\;C:\Program Files (x86)\Intel\OpenCL SDK\2.0\bin\x86;C:\Program Files (x86)\Intel\OpenCL SDK\2.0\bin\x64;C:\Program Files\Intel\Intel(R) Management Engine Components\DAL;C:\Program Files\Intel\Intel(R) Management Engine Components\IPT;C:\Program Files (x86)\Intel\Intel(R) Management Engine Components\DAL;C:\Program Files (x86)\Intel\Intel(R) Management Engine Components\IPT;C:\Program Files\Java\jdk1.8.0_102\bin;C:\Program Files (x86)\Skype\Phone\;C:\Program Files (x86)\Microsoft SQL Server\100\Tools\Binn\;C:\Program Files\Microsoft SQL Server\100\Tools\Binn\;C:\Program Files\Microsoft SQL Server\100\DTS\Binn\
USERNAME=Dmitry
OS=Windows_NT
PROCESSOR_IDENTIFIER=Intel64 Family 6 Model 58 Stepping 9, GenuineIntel



---------------  S Y S T E M  ---------------

OS: Windows 7 , 64 bit Build 7601 (6.1.7601.18409)

CPU:total 4 (2 cores per cpu, 2 threads per core) family 6 model 58 stepping 9, cmov, cx8, fxsr, mmx, sse, sse2, sse3, ssse3, sse4.1, sse4.2, popcnt, avx, clmul, erms, ht, tsc, tscinvbit, tscinv

Memory: 4k page, physical 4077128k(797260k free), swap 8152392k(2759432k free)

vm_info: Java HotSpot(TM) 64-Bit Server VM (25.102-b14) for windows-amd64 JRE (1.8.0_102-b14), built on Jun 22 2016 13:15:21 by "java_re" with MS VC++ 10.0 (VS2010)

time: Mon Aug 29 16:04:20 2016
elapsed time: 8 seconds (0d 0h 0m 8s)

