#
# A fatal error has been detected by the Java Runtime Environment:
#
#  EXCEPTION_ACCESS_VIOLATION (0xc0000005) at pc=0x0000000000000000, pid=6184, tid=0x0000000000001a64
#
# JRE version: Java(TM) SE Runtime Environment (8.0_102-b14) (build 1.8.0_102-b14)
# Java VM: Java HotSpot(TM) 64-Bit Server VM (25.102-b14 mixed mode windows-amd64 compressed oops)
# Problematic frame:
# C  0x0000000000000000
#
# Failed to write core dump. Minidumps are not enabled by default on client versions of Windows
#
# If you would like to submit a bug report, please visit:
#   http://bugreport.java.com/bugreport/crash.jsp
# The crash happened outside the Java Virtual Machine in native code.
# See problematic frame for where to report the bug.
#

---------------  T H R E A D  ---------------

Current thread (0x0000000057738800):  JavaThread "LWJGL Application" [_thread_in_native, id=6756, stack(0x0000000059500000,0x0000000059600000)]

siginfo: ExceptionCode=0xc0000005, ExceptionInformation=0x0000000000000008 0x0000000000000000

Registers:
RAX=0x0000000000000000, RBX=0x0000000054bffb38, RCX=0x000000005d495df0, RDX=0x00000000595ff120
RSP=0x00000000595ff0f8, RBP=0x00000000595ff160, RSI=0x00000000eb8b6420, RDI=0x0000000054e67a90
R8 =0x000000005d495df0, R9 =0x00000000000000cb, R10=0x0000000002cb7afb, R11=0x0000000002ca2e60
R12=0x0000000000000000, R13=0x00000000595ff1b8, R14=0x0000000000000000, R15=0x0000000057738800
RIP=0x0000000000000000, EFLAGS=0x0000000000010206

Top of Stack: (sp=0x00000000595ff0f8)
0x00000000595ff0f8:   0000000002cb7b75 0000000054becde8
0x00000000595ff108:   0000000054e68ab0 0000000054beacb0
0x00000000595ff118:   0000000000000000 00000000eb8b6420
0x00000000595ff128:   00000000595ff1a8 00000000029f7b10
0x00000000595ff138:   00000000000006b4 0000000000000006
0x00000000595ff148:   00000000ec47bda0 0000000000000001
0x00000000595ff158:   00000000ec462d78 00000000595ff200
0x00000000595ff168:   0000000002ca2ec4 0000000054de9bfe
0x00000000595ff178:   00000000595ff1b8 0000000054ded808
0x00000000595ff188:   0000000000000000 0000000054de9c20
0x00000000595ff198:   0000000000000000 00000000595ff200
0x00000000595ff1a8:   00000000029f8331 00000000029f8331
0x00000000595ff1b8:   00000000eb8b6420 00000000595ff1c0
0x00000000595ff1c8:   0000000054ddf8ee 00000000595ff210
0x00000000595ff1d8:   0000000054e3b658 0000000000000000
0x00000000595ff1e8:   0000000054ddf918 00000000595ff1b8 

Instructions: (pc=0x0000000000000000)
0xffffffffffffffe0:   


Register to memory mapping:

RAX=0x0000000000000000 is an unknown value
RBX={method} {0x0000000054bffb40} 'dispose' '()V' in 'com/badlogic/gdx/physics/box2d/Shape'
RCX=0x000000005d495df0 is an unknown value
RDX=0x00000000595ff120 is pointing into the stack for thread: 0x0000000057738800
RSP=0x00000000595ff0f8 is pointing into the stack for thread: 0x0000000057738800
RBP=0x00000000595ff160 is pointing into the stack for thread: 0x0000000057738800
RSI=0x00000000eb8b6420 is an oop
com.badlogic.gdx.physics.box2d.PolygonShape 
 - klass: 'com/badlogic/gdx/physics/box2d/PolygonShape'
RDI=0x0000000054e67a90 is pointing into metadata
R8 =0x000000005d495df0 is an unknown value
R9 =0x00000000000000cb is an unknown value
R10=0x0000000002cb7afb is at entry_point+59 in (nmethod*)0x0000000002cb7950
R11=0x0000000002ca2e60 is at entry_point+32 in (nmethod*)0x0000000002ca2cd0
R12=0x0000000000000000 is an unknown value
R13=0x00000000595ff1b8 is pointing into the stack for thread: 0x0000000057738800
R14=0x0000000000000000 is an unknown value
R15=0x0000000057738800 is a thread


Stack: [0x0000000059500000,0x0000000059600000],  sp=0x00000000595ff0f8,  free space=1020k
Native frames: (J=compiled Java code, j=interpreted, Vv=VM code, C=native code)

Java frames: (J=compiled Java code, j=interpreted, Vv=VM code)
J 678  com.badlogic.gdx.physics.box2d.Shape.jniDispose(J)V (0 bytes) @ 0x0000000002cb7afb [0x0000000002cb7ac0+0x3b]
J 637 C1 com.badlogic.gdx.physics.box2d.Shape.dispose()V (9 bytes) @ 0x0000000002ca2ec4 [0x0000000002ca2e40+0x84]
j  com.game.game_objects.Rectangle.dispose()V+14
j  com.game.ui.PuzzleGame.next_level()V+45
j  com.game.ui.PuzzleGame.render()V+316
j  com.badlogic.gdx.backends.lwjgl.LwjglApplication.mainLoop()V+684
j  com.badlogic.gdx.backends.lwjgl.LwjglApplication$1.run()V+27
v  ~StubRoutines::call_stub

---------------  P R O C E S S  ---------------

Java Threads: ( => current thread )
  0x00000000578a7800 JavaThread "Timer" [_thread_blocked, id=6564, stack(0x000000005dad0000,0x000000005dbd0000)]
  0x0000000057892000 JavaThread "LWJGL Timer" daemon [_thread_blocked, id=6764, stack(0x000000005fad0000,0x000000005fbd0000)]
  0x0000000002208000 JavaThread "DestroyJavaVM" [_thread_blocked, id=6152, stack(0x0000000002620000,0x0000000002720000)]
=>0x0000000057738800 JavaThread "LWJGL Application" [_thread_in_native, id=6756, stack(0x0000000059500000,0x0000000059600000)]
  0x0000000056cc8800 JavaThread "Monitor Ctrl-Break" daemon [_thread_in_native, id=7060, stack(0x00000000574e0000,0x00000000575e0000)]
  0x0000000056abe000 JavaThread "Service Thread" daemon [_thread_blocked, id=2268, stack(0x0000000056250000,0x0000000056350000)]
  0x0000000056a81800 JavaThread "C1 CompilerThread2" daemon [_thread_blocked, id=3800, stack(0x0000000057160000,0x0000000057260000)]
  0x0000000056a31000 JavaThread "C2 CompilerThread1" daemon [_thread_blocked, id=1500, stack(0x0000000056f30000,0x0000000057030000)]
  0x00000000551db000 JavaThread "C2 CompilerThread0" daemon [_thread_blocked, id=3268, stack(0x0000000056930000,0x0000000056a30000)]
  0x00000000551d6800 JavaThread "Attach Listener" daemon [_thread_blocked, id=6396, stack(0x0000000056490000,0x0000000056590000)]
  0x00000000551d5800 JavaThread "Signal Dispatcher" daemon [_thread_blocked, id=5764, stack(0x0000000056770000,0x0000000056870000)]
  0x00000000551bc800 JavaThread "Finalizer" daemon [_thread_blocked, id=6732, stack(0x00000000565e0000,0x00000000566e0000)]
  0x0000000055175000 JavaThread "Reference Handler" daemon [_thread_blocked, id=5564, stack(0x0000000056350000,0x0000000056450000)]

Other Threads:
  0x000000005516d800 VMThread [stack: 0x0000000056120000,0x0000000056220000] [id=2800]
  0x0000000056ac4800 WatcherThread [stack: 0x00000000573d0000,0x00000000574d0000] [id=4172]

VM state:not at safepoint (normal execution)

VM Mutex/Monitor currently owned by a thread: None

Heap:
 PSYoungGen      total 18944K, used 7008K [0x00000000eb400000, 0x00000000ec900000, 0x0000000100000000)
  eden space 16384K, 30% used [0x00000000eb400000,0x00000000eb8f11d0,0x00000000ec400000)
  from space 2560K, 76% used [0x00000000ec400000,0x00000000ec5e7130,0x00000000ec680000)
  to   space 2560K, 0% used [0x00000000ec680000,0x00000000ec680000,0x00000000ec900000)
 ParOldGen       total 44032K, used 593K [0x00000000c1c00000, 0x00000000c4700000, 0x00000000eb400000)
  object space 44032K, 1% used [0x00000000c1c00000,0x00000000c1c94488,0x00000000c4700000)
 Metaspace       used 7707K, capacity 7763K, committed 7936K, reserved 1056768K
  class space    used 693K, capacity 720K, committed 768K, reserved 1048576K

Card table byte_map: [0x0000000011db0000,0x0000000011fb0000] byte_map_base: 0x00000000117a2000

Marking Bits: (ParMarkBitMap*) 0x000000005e44a6c0
 Begin Bits: [0x00000000126c0000, 0x0000000013650000)
 End Bits:   [0x0000000013650000, 0x00000000145e0000)

Polling page: 0x0000000000130000

CodeCache: size=245760Kb used=4534Kb max_used=4546Kb free=241225Kb
 bounds [0x00000000029f0000, 0x0000000002e70000, 0x00000000119f0000]
 total_blobs=1668 nmethods=1170 adapters=411
 compilation: enabled

Compilation events (10 events):
Event: 25.375 Thread 0x00000000551db000 1167       4       com.badlogic.gdx.utils.LongMap::get (88 bytes)
Event: 25.380 Thread 0x00000000551db000 nmethod 1167 0x0000000002e2df50 code [0x0000000002e2e0a0, 0x0000000002e2e398]
Event: 27.425 Thread 0x0000000056a81800 1168       3       com.badlogic.gdx.physics.box2d.World::step (12 bytes)
Event: 27.425 Thread 0x0000000056a81800 nmethod 1168 0x0000000002e2d810 code [0x0000000002e2d980, 0x0000000002e2db28]
Event: 27.425 Thread 0x0000000056a81800 1170       3       com.game.ui.PuzzleGame::collision2 (16 bytes)
Event: 27.425 Thread 0x0000000056a81800 nmethod 1170 0x0000000002e31550 code [0x0000000002e316c0, 0x0000000002e31a30]
Event: 27.425 Thread 0x0000000056a81800 1171       3       com.game.ui.PuzzleGame$1::<init> (10 bytes)
Event: 27.426 Thread 0x0000000056a81800 nmethod 1171 0x0000000002e31190 code [0x0000000002e312e0, 0x0000000002e314b0]
Event: 28.327 Thread 0x00000000551db000 1172 %     4       com.badlogic.gdx.utils.Array::clear @ 12 (33 bytes)
Event: 28.333 Thread 0x00000000551db000 nmethod 1172% 0x0000000002e61e50 code [0x0000000002e61fa0, 0x0000000002e62178]

GC Heap History (6 events):
Event: 1.486 GC heap before
{Heap before GC invocations=1 (full 0):
 PSYoungGen      total 18944K, used 16384K [0x00000000eb400000, 0x00000000ec900000, 0x0000000100000000)
  eden space 16384K, 100% used [0x00000000eb400000,0x00000000ec400000,0x00000000ec400000)
  from space 2560K, 0% used [0x00000000ec680000,0x00000000ec680000,0x00000000ec900000)
  to   space 2560K, 0% used [0x00000000ec400000,0x00000000ec400000,0x00000000ec680000)
 ParOldGen       total 44032K, used 0K [0x00000000c1c00000, 0x00000000c4700000, 0x00000000eb400000)
  object space 44032K, 0% used [0x00000000c1c00000,0x00000000c1c00000,0x00000000c4700000)
 Metaspace       used 7203K, capacity 7299K, committed 7424K, reserved 1056768K
  class space    used 678K, capacity 720K, committed 768K, reserved 1048576K
Event: 1.491 GC heap after
Heap after GC invocations=1 (full 0):
 PSYoungGen      total 18944K, used 2528K [0x00000000eb400000, 0x00000000ec900000, 0x0000000100000000)
  eden space 16384K, 0% used [0x00000000eb400000,0x00000000eb400000,0x00000000ec400000)
  from space 2560K, 98% used [0x00000000ec400000,0x00000000ec6780e8,0x00000000ec680000)
  to   space 2560K, 0% used [0x00000000ec680000,0x00000000ec680000,0x00000000ec900000)
 ParOldGen       total 44032K, used 577K [0x00000000c1c00000, 0x00000000c4700000, 0x00000000eb400000)
  object space 44032K, 1% used [0x00000000c1c00000,0x00000000c1c90488,0x00000000c4700000)
 Metaspace       used 7203K, capacity 7299K, committed 7424K, reserved 1056768K
  class space    used 678K, capacity 720K, committed 768K, reserved 1048576K
}
Event: 13.608 GC heap before
{Heap before GC invocations=2 (full 0):
 PSYoungGen      total 18944K, used 18912K [0x00000000eb400000, 0x00000000ec900000, 0x0000000100000000)
  eden space 16384K, 100% used [0x00000000eb400000,0x00000000ec400000,0x00000000ec400000)
  from space 2560K, 98% used [0x00000000ec400000,0x00000000ec6780e8,0x00000000ec680000)
  to   space 2560K, 0% used [0x00000000ec680000,0x00000000ec680000,0x00000000ec900000)
 ParOldGen       total 44032K, used 577K [0x00000000c1c00000, 0x00000000c4700000, 0x00000000eb400000)
  object space 44032K, 1% used [0x00000000c1c00000,0x00000000c1c90488,0x00000000c4700000)
 Metaspace       used 7692K, capacity 7763K, committed 7936K, reserved 1056768K
  class space    used 692K, capacity 720K, committed 768K, reserved 1048576K
Event: 13.616 GC heap after
Heap after GC invocations=2 (full 0):
 PSYoungGen      total 18944K, used 1868K [0x00000000eb400000, 0x00000000ec900000, 0x0000000100000000)
  eden space 16384K, 0% used [0x00000000eb400000,0x00000000eb400000,0x00000000ec400000)
  from space 2560K, 72% used [0x00000000ec680000,0x00000000ec853140,0x00000000ec900000)
  to   space 2560K, 0% used [0x00000000ec400000,0x00000000ec400000,0x00000000ec680000)
 ParOldGen       total 44032K, used 585K [0x00000000c1c00000, 0x00000000c4700000, 0x00000000eb400000)
  object space 44032K, 1% used [0x00000000c1c00000,0x00000000c1c92488,0x00000000c4700000)
 Metaspace       used 7692K, capacity 7763K, committed 7936K, reserved 1056768K
  class space    used 692K, capacity 720K, committed 768K, reserved 1048576K
}
Event: 26.059 GC heap before
{Heap before GC invocations=3 (full 0):
 PSYoungGen      total 18944K, used 18252K [0x00000000eb400000, 0x00000000ec900000, 0x0000000100000000)
  eden space 16384K, 100% used [0x00000000eb400000,0x00000000ec400000,0x00000000ec400000)
  from space 2560K, 72% used [0x00000000ec680000,0x00000000ec853140,0x00000000ec900000)
  to   space 2560K, 0% used [0x00000000ec400000,0x00000000ec400000,0x00000000ec680000)
 ParOldGen       total 44032K, used 585K [0x00000000c1c00000, 0x00000000c4700000, 0x00000000eb400000)
  object space 44032K, 1% used [0x00000000c1c00000,0x00000000c1c92488,0x00000000c4700000)
 Metaspace       used 7706K, capacity 7763K, committed 7936K, reserved 1056768K
  class space    used 693K, capacity 720K, committed 768K, reserved 1048576K
Event: 26.064 GC heap after
Heap after GC invocations=3 (full 0):
 PSYoungGen      total 18944K, used 1948K [0x00000000eb400000, 0x00000000ec900000, 0x0000000100000000)
  eden space 16384K, 0% used [0x00000000eb400000,0x00000000eb400000,0x00000000ec400000)
  from space 2560K, 76% used [0x00000000ec400000,0x00000000ec5e7130,0x00000000ec680000)
  to   space 2560K, 0% used [0x00000000ec680000,0x00000000ec680000,0x00000000ec900000)
 ParOldGen       total 44032K, used 593K [0x00000000c1c00000, 0x00000000c4700000, 0x00000000eb400000)
  object space 44032K, 1% used [0x00000000c1c00000,0x00000000c1c94488,0x00000000c4700000)
 Metaspace       used 7706K, capacity 7763K, committed 7936K, reserved 1056768K
  class space    used 693K, capacity 720K, committed 768K, reserved 1048576K
}

Deoptimization events (3 events):
Event: 14.425 Thread 0x0000000057738800 Uncommon trap: reason=unstable_if action=reinterpret pc=0x0000000002e0ccf0 method=com.game.game_objects.Static_body.draw(Lcom/badlogic/gdx/graphics/g2d/SpriteBatch;Z)V @ 2
Event: 29.858 Thread 0x0000000057738800 Uncommon trap: reason=unstable_if action=reinterpret pc=0x0000000002e3c394 method=com.game.ui.PuzzleGame.render()V @ 312
Event: 29.859 Thread 0x0000000057738800 Uncommon trap: reason=unstable_if action=reinterpret pc=0x0000000002ddc104 method=com.badlogic.gdx.utils.Array.removeValue(Ljava/lang/Object;Z)Z @ 34

Internal exceptions (10 events):
Event: 0.284 Thread 0x0000000002208000 Exception <a 'java/security/PrivilegedActionException'> (0x00000000eb767458) thrown at [C:\re\workspace\8-2-build-windows-amd64-cygwin\jdk8u102\7268\hotspot\src\share\vm\prims\jvm.cpp, line 1386]
Event: 0.284 Thread 0x0000000002208000 Exception <a 'java/security/PrivilegedActionException'> (0x00000000eb767668) thrown at [C:\re\workspace\8-2-build-windows-amd64-cygwin\jdk8u102\7268\hotspot\src\share\vm\prims\jvm.cpp, line 1386]
Event: 0.285 Thread 0x0000000002208000 Exception <a 'java/security/PrivilegedActionException'> (0x00000000eb76b738) thrown at [C:\re\workspace\8-2-build-windows-amd64-cygwin\jdk8u102\7268\hotspot\src\share\vm\prims\jvm.cpp, line 1386]
Event: 0.285 Thread 0x0000000002208000 Exception <a 'java/security/PrivilegedActionException'> (0x00000000eb76b948) thrown at [C:\re\workspace\8-2-build-windows-amd64-cygwin\jdk8u102\7268\hotspot\src\share\vm\prims\jvm.cpp, line 1386]
Event: 0.531 Thread 0x0000000002208000 Exception <a 'java/security/PrivilegedActionException'> (0x00000000eb8d8ad0) thrown at [C:\re\workspace\8-2-build-windows-amd64-cygwin\jdk8u102\7268\hotspot\src\share\vm\prims\jvm.cpp, line 1386]
Event: 0.531 Thread 0x0000000002208000 Exception <a 'java/security/PrivilegedActionException'> (0x00000000eb8da7a8) thrown at [C:\re\workspace\8-2-build-windows-amd64-cygwin\jdk8u102\7268\hotspot\src\share\vm\prims\jvm.cpp, line 1386]
Event: 0.531 Thread 0x0000000002208000 Exception <a 'java/security/PrivilegedActionException'> (0x00000000eb8db918) thrown at [C:\re\workspace\8-2-build-windows-amd64-cygwin\jdk8u102\7268\hotspot\src\share\vm\prims\jvm.cpp, line 1386]
Event: 0.532 Thread 0x0000000002208000 Exception <a 'java/security/PrivilegedActionException'> (0x00000000eb8e0a80) thrown at [C:\re\workspace\8-2-build-windows-amd64-cygwin\jdk8u102\7268\hotspot\src\share\vm\prims\jvm.cpp, line 1386]
Event: 0.532 Thread 0x0000000002208000 Exception <a 'java/security/PrivilegedActionException'> (0x00000000eb8e16d8) thrown at [C:\re\workspace\8-2-build-windows-amd64-cygwin\jdk8u102\7268\hotspot\src\share\vm\prims\jvm.cpp, line 1386]
Event: 0.532 Thread 0x0000000002208000 Exception <a 'java/security/PrivilegedActionException'> (0x00000000eb8e2320) thrown at [C:\re\workspace\8-2-build-windows-amd64-cygwin\jdk8u102\7268\hotspot\src\share\vm\prims\jvm.cpp, line 1386]

Events (10 events):
Event: 26.067 Executing VM operation: RevokeBias
Event: 26.067 Executing VM operation: RevokeBias done
Event: 26.067 Executing VM operation: BulkRevokeBias
Event: 26.067 Executing VM operation: BulkRevokeBias done
Event: 29.858 Thread 0x0000000057738800 Uncommon trap: trap_request=0xffffff65 fr.pc=0x0000000002e3c394
Event: 29.858 Thread 0x0000000057738800 DEOPT PACKING pc=0x0000000002e3c394 sp=0x00000000595ff200
Event: 29.858 Thread 0x0000000057738800 DEOPT UNPACKING pc=0x0000000002a3582a sp=0x00000000595ff240 mode 2
Event: 29.859 Thread 0x0000000057738800 Uncommon trap: trap_request=0xffffff65 fr.pc=0x0000000002ddc104
Event: 29.859 Thread 0x0000000057738800 DEOPT PACKING pc=0x0000000002ddc104 sp=0x00000000595ff0d0
Event: 29.859 Thread 0x0000000057738800 DEOPT UNPACKING pc=0x0000000002a3582a sp=0x00000000595ff098 mode 2


Dynamic libraries:
0x000000013fd80000 - 0x000000013fdb7000 	C:\Program Files\Java\jdk1.8.0_102\bin\java.exe
0x0000000076e50000 - 0x0000000076ff9000 	C:\Windows\SYSTEM32\ntdll.dll
0x0000000076c30000 - 0x0000000076d4f000 	C:\Windows\system32\kernel32.dll
0x000007fefcf60000 - 0x000007fefcfcc000 	C:\Windows\system32\KERNELBASE.dll
0x000007fefede0000 - 0x000007fefeebb000 	C:\Windows\system32\ADVAPI32.dll
0x000007fefe6d0000 - 0x000007fefe76f000 	C:\Windows\system32\msvcrt.dll
0x000007feff090000 - 0x000007feff0af000 	C:\Windows\SYSTEM32\sechost.dll
0x000007fefe5a0000 - 0x000007fefe6cd000 	C:\Windows\system32\RPCRT4.dll
0x0000000076d50000 - 0x0000000076e4a000 	C:\Windows\system32\USER32.dll
0x000007fefefa0000 - 0x000007feff007000 	C:\Windows\system32\GDI32.dll
0x000007fefe900000 - 0x000007fefe90e000 	C:\Windows\system32\LPK.dll
0x000007fefe480000 - 0x000007fefe549000 	C:\Windows\system32\USP10.dll
0x000007fefb090000 - 0x000007fefb284000 	C:\Windows\WinSxS\amd64_microsoft.windows.common-controls_6595b64144ccf1df_6.0.7601.17514_none_fa396087175ac9ac\COMCTL32.dll
0x000007fefe880000 - 0x000007fefe8f1000 	C:\Windows\system32\SHLWAPI.dll
0x000007feff0b0000 - 0x000007feff0de000 	C:\Windows\system32\IMM32.DLL
0x000007fefe770000 - 0x000007fefe879000 	C:\Windows\system32\MSCTF.dll
0x000007fefcba0000 - 0x000007fefcbe4000 	C:\Windows\system32\nvinitx.dll
0x000000005eb40000 - 0x000000005ec11000 	C:\Program Files\Java\jdk1.8.0_102\jre\bin\msvcr100.dll
0x000000005dc30000 - 0x000000005e4ca000 	C:\Program Files\Java\jdk1.8.0_102\jre\bin\server\jvm.dll
0x000007fef1e20000 - 0x000007fef1e29000 	C:\Windows\system32\WSOCK32.dll
0x000007fefe550000 - 0x000007fefe59d000 	C:\Windows\system32\WS2_32.dll
0x000007fefe910000 - 0x000007fefe918000 	C:\Windows\system32\NSI.dll
0x000007fef96c0000 - 0x000007fef96fb000 	C:\Windows\system32\WINMM.dll
0x000007fefbd00000 - 0x000007fefbd0c000 	C:\Windows\system32\VERSION.dll
0x0000000077010000 - 0x0000000077017000 	C:\Windows\system32\PSAPI.DLL
0x00000000627a0000 - 0x00000000627af000 	C:\Program Files\Java\jdk1.8.0_102\jre\bin\verify.dll
0x000000005ed40000 - 0x000000005ed69000 	C:\Program Files\Java\jdk1.8.0_102\jre\bin\java.dll
0x0000000062780000 - 0x0000000062796000 	C:\Program Files\Java\jdk1.8.0_102\jre\bin\zip.dll
0x000007fefd270000 - 0x000007fefdff8000 	C:\Windows\system32\SHELL32.dll
0x000007fefe920000 - 0x000007fefeb23000 	C:\Windows\system32\ole32.dll
0x000007fefcc80000 - 0x000007fefcc8f000 	C:\Windows\system32\profapi.dll
0x000007fef41f0000 - 0x000007fef41ff000 	C:\Program Files\Android\Android Studio\bin\breakgen64.dll
0x000000005ed20000 - 0x000000005ed3a000 	C:\Program Files\Java\jdk1.8.0_102\jre\bin\net.dll
0x000007fefc410000 - 0x000007fefc465000 	C:\Windows\system32\mswsock.dll
0x000007fefc400000 - 0x000007fefc407000 	C:\Windows\System32\wship6.dll
0x0000000065580000 - 0x0000000065616000 	C:\Users\Dmitry\AppData\Local\Temp\libgdxDmitry\40f0d13c\gdx64.dll
0x000007fefc470000 - 0x000007fefc487000 	C:\Windows\system32\CRYPTSP.dll
0x000007fefc170000 - 0x000007fefc1b7000 	C:\Windows\system32\rsaenh.dll
0x000007fefceb0000 - 0x000007fefcece000 	C:\Windows\system32\USERENV.dll
0x000007fefcad0000 - 0x000007fefcadf000 	C:\Windows\system32\CRYPTBASE.dll
0x000007fefa540000 - 0x000007fefa567000 	C:\Windows\system32\IPHLPAPI.DLL
0x000007fefa530000 - 0x000007fefa53b000 	C:\Windows\system32\WINNSI.DLL
0x000007fefa360000 - 0x000007fefa378000 	C:\Windows\system32\dhcpcsvc.DLL
0x000007fefa340000 - 0x000007fefa351000 	C:\Windows\system32\dhcpcsvc6.DLL
0x000000005ed00000 - 0x000000005ed11000 	C:\Program Files\Java\jdk1.8.0_102\jre\bin\nio.dll
0x0000000180000000 - 0x0000000180053000 	C:\Users\Dmitry\AppData\Local\Temp\libgdxDmitry\dc0f0009\lwjgl64.dll
0x000007fee6160000 - 0x000007fee627d000 	C:\Windows\system32\OPENGL32.dll
0x000007fef41c0000 - 0x000007fef41ed000 	C:\Windows\system32\GLU32.dll
0x000007feef1c0000 - 0x000007feef2b1000 	C:\Windows\system32\DDRAW.dll
0x000007fefa2f0000 - 0x000007fefa2f8000 	C:\Windows\system32\DCIMAN32.dll
0x000007fefe2a0000 - 0x000007fefe477000 	C:\Windows\system32\SETUPAPI.dll
0x000007fefcfd0000 - 0x000007fefd006000 	C:\Windows\system32\CFGMGR32.dll
0x000007fefeec0000 - 0x000007fefef97000 	C:\Windows\system32\OLEAUT32.dll
0x000007fefcef0000 - 0x000007fefcf0a000 	C:\Windows\system32\DEVOBJ.dll
0x000007fefa740000 - 0x000007fefa758000 	C:\Windows\system32\dwmapi.dll
0x0000000002150000 - 0x00000000021b4000 	C:\Users\Dmitry\AppData\Local\Temp\libgdxDmitry\dc0f0009\OpenAL64.dll
0x000007fefb290000 - 0x000007fefb2e6000 	C:\Windows\system32\uxtheme.dll
0x000007fefe000000 - 0x000007fefe099000 	C:\Windows\system32\CLBCatQ.DLL
0x000007fefb310000 - 0x000007fefb43c000 	C:\Windows\System32\PROPSYS.dll
0x000007fefcf20000 - 0x000007fefcf59000 	C:\Windows\system32\WINTRUST.dll
0x000007fefcd40000 - 0x000007fefceaa000 	C:\Windows\system32\CRYPT32.dll
0x000007fefcc90000 - 0x000007fefcc9f000 	C:\Windows\system32\MSASN1.dll
0x000007fef2810000 - 0x000007fef2898000 	C:\Windows\system32\dsound.dll
0x000007fefb900000 - 0x000007fefb92c000 	C:\Windows\system32\POWRPROF.dll
0x000007fefb8b0000 - 0x000007fefb8fb000 	C:\Windows\System32\MMDevApi.dll
0x000007fef2a60000 - 0x000007fef2aaf000 	C:\Windows\system32\AUDIOSES.DLL
0x0000000059600000 - 0x000000005a67c000 	C:\Windows\system32\ig7icd64.dll
0x000007fef9700000 - 0x000007fef979c000 	C:\Windows\system32\mscms.dll
0x000007fef4170000 - 0x000007fef41b2000 	C:\Windows\system32\icm32.dll
0x0000000066bc0000 - 0x0000000066c7b000 	C:\Users\Dmitry\AppData\Local\Temp\libgdxDmitry\ad04a22e\gdx-box2d64.dll
0x000007fee6520000 - 0x000007fee6645000 	C:\Windows\system32\dbghelp.dll

VM Arguments:
jvm_args: -Didea.launcher.port=7532 -Didea.launcher.bin.path=C:\Program Files\Android\Android Studio\bin -Dfile.encoding=UTF-8 
java_command: com.intellij.rt.execution.application.AppMain com.game.desktop.DesktopLauncher
java_class_path (initial): C:\Program Files\Java\jdk1.8.0_102\jre\lib\charsets.jar;C:\Program Files\Java\jdk1.8.0_102\jre\lib\deploy.jar;C:\Program Files\Java\jdk1.8.0_102\jre\lib\ext\access-bridge-64.jar;C:\Program Files\Java\jdk1.8.0_102\jre\lib\ext\cldrdata.jar;C:\Program Files\Java\jdk1.8.0_102\jre\lib\ext\dnsns.jar;C:\Program Files\Java\jdk1.8.0_102\jre\lib\ext\jaccess.jar;C:\Program Files\Java\jdk1.8.0_102\jre\lib\ext\jfxrt.jar;C:\Program Files\Java\jdk1.8.0_102\jre\lib\ext\localedata.jar;C:\Program Files\Java\jdk1.8.0_102\jre\lib\ext\nashorn.jar;C:\Program Files\Java\jdk1.8.0_102\jre\lib\ext\sunec.jar;C:\Program Files\Java\jdk1.8.0_102\jre\lib\ext\sunjce_provider.jar;C:\Program Files\Java\jdk1.8.0_102\jre\lib\ext\sunmscapi.jar;C:\Program Files\Java\jdk1.8.0_102\jre\lib\ext\sunpkcs11.jar;C:\Program Files\Java\jdk1.8.0_102\jre\lib\ext\zipfs.jar;C:\Program Files\Java\jdk1.8.0_102\jre\lib\javaws.jar;C:\Program Files\Java\jdk1.8.0_102\jre\lib\jce.jar;C:\Program Files\Java\jdk1.8.0_102\jre\lib\jfr.jar;C:\Program Files\Java\jdk1.8.0_102\jre\lib\jfxswt.jar;C:\Program Files\Java\jdk1.8.0_102\jre\lib\jsse.jar;C:\Program Files\Java\jdk1.8.0_102\jre\lib\management-agent.jar;C:\Program Files\Java\jdk1.8.0_102\jre\lib\plugin.jar;C:\Program Files\Java\jdk1.8.0_102\jre\lib\resources.jar;C:\Program Files\Java\jdk1.8.0_102\jre\lib\rt.jar;C:\Users\Dmitry\AndroidStudioProjects\Physical-puzzle\desktop\build\classes\main;C:\Users\Dmitry\AndroidStudioProjects\Physical-puzzle\core\build\classes\main;C:\Users\Dmitry\.gradle\caches\modules-2\files-2.1\com.badlogicgames.gdx\gdx\1.6.1\bb5fe9832bcfe4bbc1de6bd357085b8a2a845d9c\gdx-1.6.1.jar;C:\Users\Dmitry\.gradle\caches\modules-2\files-2.1\com.badlogicgames.gdx\gdx-box2d\1.6.1\54d45169ae4f97d6ae4fe9daed87d80eea700f67\gdx-box2d-1.6.1.jar;C:\Users\Dmitry\AndroidStudioProjects\Physical-puzzle\core\build\libs\core-1.0.jar;C:\Users\Dmitry\.gradle\caches\modules-2\files-2.1\com.badlogicgames.gdx\gdx-backend-lwjgl\1.6.1\e3208559223c991f1db722
Launcher Type: SUN_STANDARD

Environment Variables:
JAVA_HOME=C:\Program Files\Java\jdk1.8.0_102
PATH=C:\ProgramData\Oracle\Java\javapath;C:\Program Files (x86)\Intel\iCLS Client\;C:\Program Files\Intel\iCLS Client\;C:\Windows\system32;C:\Windows;C:\Windows\System32\Wbem;C:\Windows\System32\WindowsPowerShell\v1.0\;C:\Program Files (x86)\Intel\OpenCL SDK\2.0\bin\x86;C:\Program Files (x86)\Intel\OpenCL SDK\2.0\bin\x64;C:\Program Files\Intel\Intel(R) Management Engine Components\DAL;C:\Program Files\Intel\Intel(R) Management Engine Components\IPT;C:\Program Files (x86)\Intel\Intel(R) Management Engine Components\DAL;C:\Program Files (x86)\Intel\Intel(R) Management Engine Components\IPT;C:\Program Files\Java\jdk1.8.0_102\bin;C:\Program Files (x86)\Skype\Phone\;C:\Program Files (x86)\Microsoft SQL Server\100\Tools\Binn\;C:\Program Files\Microsoft SQL Server\100\Tools\Binn\;C:\Program Files\Microsoft SQL Server\100\DTS\Binn\
USERNAME=Dmitry
OS=Windows_NT
PROCESSOR_IDENTIFIER=Intel64 Family 6 Model 58 Stepping 9, GenuineIntel



---------------  S Y S T E M  ---------------

OS: Windows 7 , 64 bit Build 7601 (6.1.7601.18409)

CPU:total 4 (2 cores per cpu, 2 threads per core) family 6 model 58 stepping 9, cmov, cx8, fxsr, mmx, sse, sse2, sse3, ssse3, sse4.1, sse4.2, popcnt, avx, clmul, erms, ht, tsc, tscinvbit, tscinv

Memory: 4k page, physical 4077128k(696672k free), swap 8152392k(2662740k free)

vm_info: Java HotSpot(TM) 64-Bit Server VM (25.102-b14) for windows-amd64 JRE (1.8.0_102-b14), built on Jun 22 2016 13:15:21 by "java_re" with MS VC++ 10.0 (VS2010)

time: Mon Aug 29 16:05:52 2016
elapsed time: 29 seconds (0d 0h 0m 29s)

