#
# A fatal error has been detected by the Java Runtime Environment:
#
#  EXCEPTION_PRIV_INSTRUCTION (0xc0000096) at pc=0x000000000046fa70, pid=4712, tid=0x00000000000004a4
#
# JRE version: Java(TM) SE Runtime Environment (8.0_102-b14) (build 1.8.0_102-b14)
# Java VM: Java HotSpot(TM) 64-Bit Server VM (25.102-b14 mixed mode windows-amd64 compressed oops)
# Problematic frame:
# C  0x000000000046fa70
#
# Failed to write core dump. Minidumps are not enabled by default on client versions of Windows
#
# If you would like to submit a bug report, please visit:
#   http://bugreport.java.com/bugreport/crash.jsp
# The crash happened outside the Java Virtual Machine in native code.
# See problematic frame for where to report the bug.
#

---------------  T H R E A D  ---------------

Current thread (0x00000000576a2800):  JavaThread "LWJGL Application" [_thread_in_native, id=1188, stack(0x00000000594a0000,0x00000000595a0000)]

siginfo: ExceptionCode=0xc0000096

Registers:
RAX=0x000000000046fa70, RBX=0x0000000054a9fb58, RCX=0x000000000046fa70, RDX=0x000000005959ef90
RSP=0x000000005959ef68, RBP=0x000000005959efd0, RSI=0x00000000eb522d10, RDI=0x0000000054d055d8
R8 =0x000000000046fa70, R9 =0x00000000000000cb, R10=0x00000000028f7c3b, R11=0x00000000028f78a0
R12=0x0000000000000000, R13=0x000000005959f028, R14=0x0000000000000000, R15=0x00000000576a2800
RIP=0x000000000046fa70, EFLAGS=0x0000000000010202

Top of Stack: (sp=0x000000005959ef68)
0x000000005959ef68:   00000000028f7cb5 0000000054a8cde8
0x000000005959ef78:   0000000054d06a28 0000000054a8acb0
0x000000005959ef88:   0000000000000000 00000000eb522d10
0x000000005959ef98:   000000005959f018 0000000002657b10
0x000000005959efa8:   0000000000000028 0000000000000006
0x000000005959efb8:   00000000eb4e08f0 0000000000000001
0x000000005959efc8:   00000000ec494678 000000005959f070
0x000000005959efd8:   00000000028f7904 0000000054c89c56
0x000000005959efe8:   000000005959f028 0000000054c8d838
0x000000005959eff8:   0000000000000000 0000000054c89c78
0x000000005959f008:   0000000000000000 000000005959f070
0x000000005959f018:   0000000002658331 0000000002658331
0x000000005959f028:   00000000eb522d10 000000005959f030
0x000000005959f038:   0000000054c7f946 000000005959f080
0x000000005959f048:   0000000054cdb4d8 0000000000000000
0x000000005959f058:   0000000054c7f970 000000005959f028 

Instructions: (pc=0x000000000046fa70)
0x000000000046fa50:   00 01 3c 00 00 00 00 00 58 01 46 00 00 00 00 00
0x000000000046fa60:   00 00 00 00 00 00 00 00 9c 91 57 06 09 3c 00 10
0x000000000046fa70:   e0 df 5e e6 fe 07 00 00 01 00 00 00 00 00 00 00
0x000000000046fa80:   00 00 00 00 00 00 00 00 9c 91 57 06 09 3c 00 10 


Register to memory mapping:

RAX=0x000000000046fa70 is an unknown value
RBX={method} {0x0000000054a9fb60} 'dispose' '()V' in 'com/badlogic/gdx/physics/box2d/Shape'
RCX=0x000000000046fa70 is an unknown value
RDX=0x000000005959ef90 is pointing into the stack for thread: 0x00000000576a2800
RSP=0x000000005959ef68 is pointing into the stack for thread: 0x00000000576a2800
RBP=0x000000005959efd0 is pointing into the stack for thread: 0x00000000576a2800
RSI=0x00000000eb522d10 is an oop
com.badlogic.gdx.physics.box2d.PolygonShape 
 - klass: 'com/badlogic/gdx/physics/box2d/PolygonShape'
RDI=0x0000000054d055d8 is pointing into metadata
R8 =0x000000000046fa70 is an unknown value
R9 =0x00000000000000cb is an unknown value
R10=0x00000000028f7c3b is at entry_point+59 in (nmethod*)0x00000000028f7a90
R11=0x00000000028f78a0 is at entry_point+32 in (nmethod*)0x00000000028f7710
R12=0x0000000000000000 is an unknown value
R13=0x000000005959f028 is pointing into the stack for thread: 0x00000000576a2800
R14=0x0000000000000000 is an unknown value
R15=0x00000000576a2800 is a thread


Stack: [0x00000000594a0000,0x00000000595a0000],  sp=0x000000005959ef68,  free space=1019k
Native frames: (J=compiled Java code, j=interpreted, Vv=VM code, C=native code)
C  0x000000000046fa70

Java frames: (J=compiled Java code, j=interpreted, Vv=VM code)
J 621  com.badlogic.gdx.physics.box2d.Shape.jniDispose(J)V (0 bytes) @ 0x00000000028f7c3b [0x00000000028f7c00+0x3b]
J 620 C1 com.badlogic.gdx.physics.box2d.Shape.dispose()V (9 bytes) @ 0x00000000028f7904 [0x00000000028f7880+0x84]
j  com.game.game_objects.Rectangle.dispose()V+14
j  com.game.ui.PuzzleGame.dispose()V+38
j  com.badlogic.gdx.backends.lwjgl.LwjglApplication.mainLoop()V+822
j  com.badlogic.gdx.backends.lwjgl.LwjglApplication$1.run()V+27
v  ~StubRoutines::call_stub

---------------  P R O C E S S  ---------------

Java Threads: ( => current thread )
  0x0000000057740000 JavaThread "LWJGL Timer" daemon [_thread_blocked, id=5952, stack(0x000000005fc20000,0x000000005fd20000)]
  0x0000000002168000 JavaThread "DestroyJavaVM" [_thread_blocked, id=6972, stack(0x0000000002280000,0x0000000002380000)]
=>0x00000000576a2800 JavaThread "LWJGL Application" [_thread_in_native, id=1188, stack(0x00000000594a0000,0x00000000595a0000)]
  0x0000000056619000 JavaThread "Monitor Ctrl-Break" daemon [_thread_in_native, id=6500, stack(0x0000000057110000,0x0000000057210000)]
  0x000000005507f800 JavaThread "Service Thread" daemon [_thread_blocked, id=5384, stack(0x0000000056d70000,0x0000000056e70000)]
  0x0000000055076800 JavaThread "C1 CompilerThread2" daemon [_thread_blocked, id=6644, stack(0x0000000056c00000,0x0000000056d00000)]
  0x0000000055076000 JavaThread "C2 CompilerThread1" daemon [_thread_blocked, id=5372, stack(0x00000000569d0000,0x0000000056ad0000)]
  0x0000000056428000 JavaThread "C2 CompilerThread0" daemon [_thread_blocked, id=4784, stack(0x0000000056220000,0x0000000056320000)]
  0x0000000056423800 JavaThread "Attach Listener" daemon [_thread_blocked, id=5456, stack(0x0000000056b00000,0x0000000056c00000)]
  0x0000000056422800 JavaThread "Signal Dispatcher" daemon [_thread_blocked, id=5736, stack(0x0000000056890000,0x0000000056990000)]
  0x000000005505c800 JavaThread "Finalizer" daemon [_thread_blocked, id=5752, stack(0x0000000056320000,0x0000000056420000)]
  0x0000000055015000 JavaThread "Reference Handler" daemon [_thread_blocked, id=5508, stack(0x0000000055fc0000,0x00000000560c0000)]

Other Threads:
  0x000000005500d800 VMThread [stack: 0x00000000560e0000,0x00000000561e0000] [id=4380]
  0x000000005648a000 WatcherThread [stack: 0x0000000056ea0000,0x0000000056fa0000] [id=4332]

VM state:not at safepoint (normal execution)

VM Mutex/Monitor currently owned by a thread: None

Heap:
 PSYoungGen      total 18944K, used 3842K [0x00000000eb400000, 0x00000000ec900000, 0x0000000100000000)
  eden space 16384K, 7% used [0x00000000eb400000,0x00000000eb5466c0,0x00000000ec400000)
  from space 2560K, 99% used [0x00000000ec400000,0x00000000ec67a3b8,0x00000000ec680000)
  to   space 2560K, 0% used [0x00000000ec680000,0x00000000ec680000,0x00000000ec900000)
 ParOldGen       total 44032K, used 612K [0x00000000c1c00000, 0x00000000c4700000, 0x00000000eb400000)
  object space 44032K, 1% used [0x00000000c1c00000,0x00000000c1c991f0,0x00000000c4700000)
 Metaspace       used 7383K, capacity 7435K, committed 7680K, reserved 1056768K
  class space    used 690K, capacity 720K, committed 768K, reserved 1048576K

Card table byte_map: [0x0000000011a10000,0x0000000011c10000] byte_map_base: 0x0000000011402000

Marking Bits: (ParMarkBitMap*) 0x000000005e44a6c0
 Begin Bits: [0x0000000012560000, 0x00000000134f0000)
 End Bits:   [0x00000000134f0000, 0x0000000014480000)

Polling page: 0x0000000000440000

CodeCache: size=245760Kb used=2791Kb max_used=2791Kb free=242968Kb
 bounds [0x0000000002650000, 0x0000000002910000, 0x0000000011650000]
 total_blobs=1151 nmethods=654 adapters=410
 compilation: enabled

Compilation events (10 events):
Event: 1.840 Thread 0x0000000055076800  649       3       com.badlogic.gdx.math.Vector3::set (17 bytes)
Event: 1.840 Thread 0x0000000055076800 nmethod 649 0x0000000002908090 code [0x0000000002908200, 0x00000000029083f0]
Event: 1.840 Thread 0x0000000055076800  650       3       com.badlogic.gdx.physics.box2d.FixtureDef::<init> (37 bytes)
Event: 1.840 Thread 0x0000000055076800 nmethod 650 0x00000000029084d0 code [0x0000000002908640, 0x0000000002908950]
Event: 1.840 Thread 0x0000000055076800  651       1       com.game.game_objects.Rectangle::get_type (5 bytes)
Event: 1.841 Thread 0x0000000055076800 nmethod 651 0x0000000002908a90 code [0x0000000002908be0, 0x0000000002908cf0]
Event: 1.842 Thread 0x0000000055076800  652       3       com.badlogic.gdx.utils.FloatArray::get (54 bytes)
Event: 1.843 Thread 0x0000000055076800 nmethod 652 0x00000000029090d0 code [0x00000000029092e0, 0x0000000002909d58]
Event: 1.843 Thread 0x0000000055076800  653       3       com.badlogic.gdx.graphics.g2d.BitmapFontCache::addGlyph (395 bytes)
Event: 1.844 Thread 0x0000000055076800 nmethod 653 0x000000000290a250 code [0x000000000290a440, 0x000000000290aba8]

GC Heap History (2 events):
Event: 1.466 GC heap before
{Heap before GC invocations=1 (full 0):
 PSYoungGen      total 18944K, used 16384K [0x00000000eb400000, 0x00000000ec900000, 0x0000000100000000)
  eden space 16384K, 100% used [0x00000000eb400000,0x00000000ec400000,0x00000000ec400000)
  from space 2560K, 0% used [0x00000000ec680000,0x00000000ec680000,0x00000000ec900000)
  to   space 2560K, 0% used [0x00000000ec400000,0x00000000ec400000,0x00000000ec680000)
 ParOldGen       total 44032K, used 0K [0x00000000c1c00000, 0x00000000c4700000, 0x00000000eb400000)
  object space 44032K, 0% used [0x00000000c1c00000,0x00000000c1c00000,0x00000000c4700000)
 Metaspace       used 7200K, capacity 7299K, committed 7424K, reserved 1056768K
  class space    used 678K, capacity 720K, committed 768K, reserved 1048576K
Event: 1.469 GC heap after
Heap after GC invocations=1 (full 0):
 PSYoungGen      total 18944K, used 2536K [0x00000000eb400000, 0x00000000ec900000, 0x0000000100000000)
  eden space 16384K, 0% used [0x00000000eb400000,0x00000000eb400000,0x00000000ec400000)
  from space 2560K, 99% used [0x00000000ec400000,0x00000000ec67a3b8,0x00000000ec680000)
  to   space 2560K, 0% used [0x00000000ec680000,0x00000000ec680000,0x00000000ec900000)
 ParOldGen       total 44032K, used 612K [0x00000000c1c00000, 0x00000000c4700000, 0x00000000eb400000)
  object space 44032K, 1% used [0x00000000c1c00000,0x00000000c1c991f0,0x00000000c4700000)
 Metaspace       used 7200K, capacity 7299K, committed 7424K, reserved 1056768K
  class space    used 678K, capacity 720K, committed 768K, reserved 1048576K
}

Deoptimization events (0 events):
No events

Internal exceptions (10 events):
Event: 0.343 Thread 0x0000000002168000 Exception <a 'java/security/PrivilegedActionException'> (0x00000000eb769020) thrown at [C:\re\workspace\8-2-build-windows-amd64-cygwin\jdk8u102\7268\hotspot\src\share\vm\prims\jvm.cpp, line 1386]
Event: 0.343 Thread 0x0000000002168000 Exception <a 'java/security/PrivilegedActionException'> (0x00000000eb769230) thrown at [C:\re\workspace\8-2-build-windows-amd64-cygwin\jdk8u102\7268\hotspot\src\share\vm\prims\jvm.cpp, line 1386]
Event: 0.345 Thread 0x0000000002168000 Exception <a 'java/security/PrivilegedActionException'> (0x00000000eb76d300) thrown at [C:\re\workspace\8-2-build-windows-amd64-cygwin\jdk8u102\7268\hotspot\src\share\vm\prims\jvm.cpp, line 1386]
Event: 0.345 Thread 0x0000000002168000 Exception <a 'java/security/PrivilegedActionException'> (0x00000000eb76d510) thrown at [C:\re\workspace\8-2-build-windows-amd64-cygwin\jdk8u102\7268\hotspot\src\share\vm\prims\jvm.cpp, line 1386]
Event: 0.586 Thread 0x0000000002168000 Exception <a 'java/security/PrivilegedActionException'> (0x00000000eb8da0d0) thrown at [C:\re\workspace\8-2-build-windows-amd64-cygwin\jdk8u102\7268\hotspot\src\share\vm\prims\jvm.cpp, line 1386]
Event: 0.586 Thread 0x0000000002168000 Exception <a 'java/security/PrivilegedActionException'> (0x00000000eb8dbda8) thrown at [C:\re\workspace\8-2-build-windows-amd64-cygwin\jdk8u102\7268\hotspot\src\share\vm\prims\jvm.cpp, line 1386]
Event: 0.586 Thread 0x0000000002168000 Exception <a 'java/security/PrivilegedActionException'> (0x00000000eb8dcf18) thrown at [C:\re\workspace\8-2-build-windows-amd64-cygwin\jdk8u102\7268\hotspot\src\share\vm\prims\jvm.cpp, line 1386]
Event: 0.586 Thread 0x0000000002168000 Exception <a 'java/security/PrivilegedActionException'> (0x00000000eb8e20e0) thrown at [C:\re\workspace\8-2-build-windows-amd64-cygwin\jdk8u102\7268\hotspot\src\share\vm\prims\jvm.cpp, line 1386]
Event: 0.586 Thread 0x0000000002168000 Exception <a 'java/security/PrivilegedActionException'> (0x00000000eb8e2d38) thrown at [C:\re\workspace\8-2-build-windows-amd64-cygwin\jdk8u102\7268\hotspot\src\share\vm\prims\jvm.cpp, line 1386]
Event: 0.586 Thread 0x0000000002168000 Exception <a 'java/security/PrivilegedActionException'> (0x00000000eb8e3960) thrown at [C:\re\workspace\8-2-build-windows-amd64-cygwin\jdk8u102\7268\hotspot\src\share\vm\prims\jvm.cpp, line 1386]

Events (10 events):
Event: 1.497 loading class com/badlogic/gdx/physics/box2d/Shape$Type done
Event: 1.502 loading class org/lwjgl/opengl/Sync
Event: 1.502 loading class org/lwjgl/opengl/Sync done
Event: 1.504 loading class org/lwjgl/opengl/Sync$RunningAvg
Event: 1.504 loading class org/lwjgl/opengl/Sync$RunningAvg done
Event: 1.507 loading class org/lwjgl/opengl/Sync$1
Event: 1.507 loading class org/lwjgl/opengl/Sync$1 done
Event: 1.508 Thread 0x0000000057740000 Thread added: 0x0000000057740000
Event: 1.938 loading class com/badlogic/gdx/backends/lwjgl/LwjglApplication$2
Event: 1.938 loading class com/badlogic/gdx/backends/lwjgl/LwjglApplication$2 done


Dynamic libraries:
0x000000013fd80000 - 0x000000013fdb7000 	C:\Program Files\Java\jdk1.8.0_102\bin\java.exe
0x0000000076e50000 - 0x0000000076ff9000 	C:\Windows\SYSTEM32\ntdll.dll
0x0000000076c30000 - 0x0000000076d4f000 	C:\Windows\system32\kernel32.dll
0x000007fefcf60000 - 0x000007fefcfcc000 	C:\Windows\system32\KERNELBASE.dll
0x000007fefede0000 - 0x000007fefeebb000 	C:\Windows\system32\ADVAPI32.dll
0x000007fefe6d0000 - 0x000007fefe76f000 	C:\Windows\system32\msvcrt.dll
0x000007feff090000 - 0x000007feff0af000 	C:\Windows\SYSTEM32\sechost.dll
0x000007fefe5a0000 - 0x000007fefe6cd000 	C:\Windows\system32\RPCRT4.dll
0x0000000076d50000 - 0x0000000076e4a000 	C:\Windows\system32\USER32.dll
0x000007fefefa0000 - 0x000007feff007000 	C:\Windows\system32\GDI32.dll
0x000007fefe900000 - 0x000007fefe90e000 	C:\Windows\system32\LPK.dll
0x000007fefe480000 - 0x000007fefe549000 	C:\Windows\system32\USP10.dll
0x000007fefb090000 - 0x000007fefb284000 	C:\Windows\WinSxS\amd64_microsoft.windows.common-controls_6595b64144ccf1df_6.0.7601.17514_none_fa396087175ac9ac\COMCTL32.dll
0x000007fefe880000 - 0x000007fefe8f1000 	C:\Windows\system32\SHLWAPI.dll
0x000007feff0b0000 - 0x000007feff0de000 	C:\Windows\system32\IMM32.DLL
0x000007fefe770000 - 0x000007fefe879000 	C:\Windows\system32\MSCTF.dll
0x000007fefcba0000 - 0x000007fefcbe4000 	C:\Windows\system32\nvinitx.dll
0x000000005eb40000 - 0x000000005ec11000 	C:\Program Files\Java\jdk1.8.0_102\jre\bin\msvcr100.dll
0x000000005dc30000 - 0x000000005e4ca000 	C:\Program Files\Java\jdk1.8.0_102\jre\bin\server\jvm.dll
0x000007fef1e20000 - 0x000007fef1e29000 	C:\Windows\system32\WSOCK32.dll
0x000007fefe550000 - 0x000007fefe59d000 	C:\Windows\system32\WS2_32.dll
0x000007fefe910000 - 0x000007fefe918000 	C:\Windows\system32\NSI.dll
0x000007fef96c0000 - 0x000007fef96fb000 	C:\Windows\system32\WINMM.dll
0x000007fefbd00000 - 0x000007fefbd0c000 	C:\Windows\system32\VERSION.dll
0x0000000077010000 - 0x0000000077017000 	C:\Windows\system32\PSAPI.DLL
0x00000000627a0000 - 0x00000000627af000 	C:\Program Files\Java\jdk1.8.0_102\jre\bin\verify.dll
0x000000005ed40000 - 0x000000005ed69000 	C:\Program Files\Java\jdk1.8.0_102\jre\bin\java.dll
0x0000000062780000 - 0x0000000062796000 	C:\Program Files\Java\jdk1.8.0_102\jre\bin\zip.dll
0x000007fefd270000 - 0x000007fefdff8000 	C:\Windows\system32\SHELL32.dll
0x000007fefe920000 - 0x000007fefeb23000 	C:\Windows\system32\ole32.dll
0x000007fefcc80000 - 0x000007fefcc8f000 	C:\Windows\system32\profapi.dll
0x000007fef41f0000 - 0x000007fef41ff000 	C:\Program Files\Android\Android Studio\bin\breakgen64.dll
0x000000005ed20000 - 0x000000005ed3a000 	C:\Program Files\Java\jdk1.8.0_102\jre\bin\net.dll
0x000007fefc410000 - 0x000007fefc465000 	C:\Windows\system32\mswsock.dll
0x000007fefc400000 - 0x000007fefc407000 	C:\Windows\System32\wship6.dll
0x0000000065580000 - 0x0000000065616000 	C:\Users\Dmitry\AppData\Local\Temp\libgdxDmitry\40f0d13c\gdx64.dll
0x000007fefc470000 - 0x000007fefc487000 	C:\Windows\system32\CRYPTSP.dll
0x000007fefc170000 - 0x000007fefc1b7000 	C:\Windows\system32\rsaenh.dll
0x000007fefceb0000 - 0x000007fefcece000 	C:\Windows\system32\USERENV.dll
0x000007fefcad0000 - 0x000007fefcadf000 	C:\Windows\system32\CRYPTBASE.dll
0x000007fefa540000 - 0x000007fefa567000 	C:\Windows\system32\IPHLPAPI.DLL
0x000007fefa530000 - 0x000007fefa53b000 	C:\Windows\system32\WINNSI.DLL
0x000007fefa360000 - 0x000007fefa378000 	C:\Windows\system32\dhcpcsvc.DLL
0x000007fefa340000 - 0x000007fefa351000 	C:\Windows\system32\dhcpcsvc6.DLL
0x000000005ed00000 - 0x000000005ed11000 	C:\Program Files\Java\jdk1.8.0_102\jre\bin\nio.dll
0x0000000180000000 - 0x0000000180053000 	C:\Users\Dmitry\AppData\Local\Temp\libgdxDmitry\dc0f0009\lwjgl64.dll
0x000007fee6160000 - 0x000007fee627d000 	C:\Windows\system32\OPENGL32.dll
0x000007fef41c0000 - 0x000007fef41ed000 	C:\Windows\system32\GLU32.dll
0x000007feef1c0000 - 0x000007feef2b1000 	C:\Windows\system32\DDRAW.dll
0x000007fefa2f0000 - 0x000007fefa2f8000 	C:\Windows\system32\DCIMAN32.dll
0x000007fefe2a0000 - 0x000007fefe477000 	C:\Windows\system32\SETUPAPI.dll
0x000007fefcfd0000 - 0x000007fefd006000 	C:\Windows\system32\CFGMGR32.dll
0x000007fefeec0000 - 0x000007fefef97000 	C:\Windows\system32\OLEAUT32.dll
0x000007fefcef0000 - 0x000007fefcf0a000 	C:\Windows\system32\DEVOBJ.dll
0x000007fefa740000 - 0x000007fefa758000 	C:\Windows\system32\dwmapi.dll
0x0000000011fa0000 - 0x0000000012004000 	C:\Users\Dmitry\AppData\Local\Temp\libgdxDmitry\dc0f0009\OpenAL64.dll
0x000007fefb290000 - 0x000007fefb2e6000 	C:\Windows\system32\uxtheme.dll
0x000007fefe000000 - 0x000007fefe099000 	C:\Windows\system32\CLBCatQ.DLL
0x000007fefb310000 - 0x000007fefb43c000 	C:\Windows\System32\PROPSYS.dll
0x000007fefcf20000 - 0x000007fefcf59000 	C:\Windows\system32\WINTRUST.dll
0x000007fefcd40000 - 0x000007fefceaa000 	C:\Windows\system32\CRYPT32.dll
0x000007fefcc90000 - 0x000007fefcc9f000 	C:\Windows\system32\MSASN1.dll
0x000007fef2810000 - 0x000007fef2898000 	C:\Windows\system32\dsound.dll
0x000007fefb900000 - 0x000007fefb92c000 	C:\Windows\system32\POWRPROF.dll
0x000007fefb8b0000 - 0x000007fefb8fb000 	C:\Windows\System32\MMDevApi.dll
0x000007fef2a60000 - 0x000007fef2aaf000 	C:\Windows\system32\AUDIOSES.DLL
0x00000000595a0000 - 0x000000005a61c000 	C:\Windows\system32\ig7icd64.dll
0x000007fef9700000 - 0x000007fef979c000 	C:\Windows\system32\mscms.dll
0x000007fef4170000 - 0x000007fef41b2000 	C:\Windows\system32\icm32.dll
0x0000000066bc0000 - 0x0000000066c7b000 	C:\Users\Dmitry\AppData\Local\Temp\libgdxDmitry\ad04a22e\gdx-box2d64.dll
0x000007fee6520000 - 0x000007fee6645000 	C:\Windows\system32\dbghelp.dll

VM Arguments:
jvm_args: -Didea.launcher.port=7535 -Didea.launcher.bin.path=C:\Program Files\Android\Android Studio\bin -Dfile.encoding=UTF-8 
java_command: com.intellij.rt.execution.application.AppMain com.game.desktop.DesktopLauncher
java_class_path (initial): C:\Program Files\Java\jdk1.8.0_102\jre\lib\charsets.jar;C:\Program Files\Java\jdk1.8.0_102\jre\lib\deploy.jar;C:\Program Files\Java\jdk1.8.0_102\jre\lib\ext\access-bridge-64.jar;C:\Program Files\Java\jdk1.8.0_102\jre\lib\ext\cldrdata.jar;C:\Program Files\Java\jdk1.8.0_102\jre\lib\ext\dnsns.jar;C:\Program Files\Java\jdk1.8.0_102\jre\lib\ext\jaccess.jar;C:\Program Files\Java\jdk1.8.0_102\jre\lib\ext\jfxrt.jar;C:\Program Files\Java\jdk1.8.0_102\jre\lib\ext\localedata.jar;C:\Program Files\Java\jdk1.8.0_102\jre\lib\ext\nashorn.jar;C:\Program Files\Java\jdk1.8.0_102\jre\lib\ext\sunec.jar;C:\Program Files\Java\jdk1.8.0_102\jre\lib\ext\sunjce_provider.jar;C:\Program Files\Java\jdk1.8.0_102\jre\lib\ext\sunmscapi.jar;C:\Program Files\Java\jdk1.8.0_102\jre\lib\ext\sunpkcs11.jar;C:\Program Files\Java\jdk1.8.0_102\jre\lib\ext\zipfs.jar;C:\Program Files\Java\jdk1.8.0_102\jre\lib\javaws.jar;C:\Program Files\Java\jdk1.8.0_102\jre\lib\jce.jar;C:\Program Files\Java\jdk1.8.0_102\jre\lib\jfr.jar;C:\Program Files\Java\jdk1.8.0_102\jre\lib\jfxswt.jar;C:\Program Files\Java\jdk1.8.0_102\jre\lib\jsse.jar;C:\Program Files\Java\jdk1.8.0_102\jre\lib\management-agent.jar;C:\Program Files\Java\jdk1.8.0_102\jre\lib\plugin.jar;C:\Program Files\Java\jdk1.8.0_102\jre\lib\resources.jar;C:\Program Files\Java\jdk1.8.0_102\jre\lib\rt.jar;C:\Users\Dmitry\AndroidStudioProjects\Physical-puzzle\desktop\build\classes\main;C:\Users\Dmitry\AndroidStudioProjects\Physical-puzzle\core\build\classes\main;C:\Users\Dmitry\.gradle\caches\modules-2\files-2.1\com.badlogicgames.gdx\gdx\1.6.1\bb5fe9832bcfe4bbc1de6bd357085b8a2a845d9c\gdx-1.6.1.jar;C:\Users\Dmitry\.gradle\caches\modules-2\files-2.1\com.badlogicgames.gdx\gdx-box2d\1.6.1\54d45169ae4f97d6ae4fe9daed87d80eea700f67\gdx-box2d-1.6.1.jar;C:\Users\Dmitry\AndroidStudioProjects\Physical-puzzle\core\build\libs\core-1.0.jar;C:\Users\Dmitry\.gradle\caches\modules-2\files-2.1\com.badlogicgames.gdx\gdx-backend-lwjgl\1.6.1\e3208559223c991f1db722
Launcher Type: SUN_STANDARD

Environment Variables:
JAVA_HOME=C:\Program Files\Java\jdk1.8.0_102
PATH=C:\ProgramData\Oracle\Java\javapath;C:\Program Files (x86)\Intel\iCLS Client\;C:\Program Files\Intel\iCLS Client\;C:\Windows\system32;C:\Windows;C:\Windows\System32\Wbem;C:\Windows\System32\WindowsPowerShell\v1.0\;C:\Program Files (x86)\Intel\OpenCL SDK\2.0\bin\x86;C:\Program Files (x86)\Intel\OpenCL SDK\2.0\bin\x64;C:\Program Files\Intel\Intel(R) Management Engine Components\DAL;C:\Program Files\Intel\Intel(R) Management Engine Components\IPT;C:\Program Files (x86)\Intel\Intel(R) Management Engine Components\DAL;C:\Program Files (x86)\Intel\Intel(R) Management Engine Components\IPT;C:\Program Files\Java\jdk1.8.0_102\bin;C:\Program Files (x86)\Skype\Phone\;C:\Program Files (x86)\Microsoft SQL Server\100\Tools\Binn\;C:\Program Files\Microsoft SQL Server\100\Tools\Binn\;C:\Program Files\Microsoft SQL Server\100\DTS\Binn\
USERNAME=Dmitry
OS=Windows_NT
PROCESSOR_IDENTIFIER=Intel64 Family 6 Model 58 Stepping 9, GenuineIntel



---------------  S Y S T E M  ---------------

OS: Windows 7 , 64 bit Build 7601 (6.1.7601.18409)

CPU:total 4 (2 cores per cpu, 2 threads per core) family 6 model 58 stepping 9, cmov, cx8, fxsr, mmx, sse, sse2, sse3, ssse3, sse4.1, sse4.2, popcnt, avx, clmul, erms, ht, tsc, tscinvbit, tscinv

Memory: 4k page, physical 4077128k(853168k free), swap 8152392k(2823992k free)

vm_info: Java HotSpot(TM) 64-Bit Server VM (25.102-b14) for windows-amd64 JRE (1.8.0_102-b14), built on Jun 22 2016 13:15:21 by "java_re" with MS VC++ 10.0 (VS2010)

time: Mon Aug 29 16:03:02 2016
elapsed time: 1 seconds (0d 0h 0m 1s)

