#
# A fatal error has been detected by the Java Runtime Environment:
#
#  EXCEPTION_PRIV_INSTRUCTION (0xc0000096) at pc=0x000000000046fa70, pid=6272, tid=0x000000000000077c
#
# JRE version: Java(TM) SE Runtime Environment (8.0_102-b14) (build 1.8.0_102-b14)
# Java VM: Java HotSpot(TM) 64-Bit Server VM (25.102-b14 mixed mode windows-amd64 compressed oops)
# Problematic frame:
# C  0x000000000046fa70
#
# Failed to write core dump. Minidumps are not enabled by default on client versions of Windows
#
# If you would like to submit a bug report, please visit:
#   http://bugreport.java.com/bugreport/crash.jsp
# The crash happened outside the Java Virtual Machine in native code.
# See problematic frame for where to report the bug.
#

---------------  T H R E A D  ---------------

Current thread (0x0000000058e76000):  JavaThread "LWJGL Application" [_thread_in_native, id=1916, stack(0x0000000059600000,0x0000000059700000)]

siginfo: ExceptionCode=0xc0000096

Registers:
RAX=0x000000000046fa70, RBX=0x0000000054a6fb58, RCX=0x000000000046fa70, RDX=0x00000000596fef90
RSP=0x00000000596fef68, RBP=0x00000000596fefd0, RSI=0x00000000eb8d9218, RDI=0x0000000054cd7250
R8 =0x000000000046fa70, R9 =0x00000000000000cb, R10=0x0000000002a0c27b, R11=0x00000000029f1e20
R12=0x0000000000000000, R13=0x00000000596ff028, R14=0x0000000000000000, R15=0x0000000058e76000
RIP=0x000000000046fa70, EFLAGS=0x0000000000010202

Top of Stack: (sp=0x00000000596fef68)
0x00000000596fef68:   0000000002a0c2f5 0000000000000009
0x00000000596fef78:   00000000ec4e63f0 00000000eb77e300
0x00000000596fef88:   00000000ec54b7b0 00000000eb8d9218
0x00000000596fef98:   00000000ec400a60 00000000596ff018
0x00000000596fefa8:   0000000002747b10 00000000596ff018
0x00000000596fefb8:   0000000002747b10 0000000000000001
0x00000000596fefc8:   00000000ec4e63f0 00000000596ff070
0x00000000596fefd8:   00000000029f1e84 0000000054c59c56
0x00000000596fefe8:   00000000596ff028 0000000054c5d838
0x00000000596feff8:   0000000000000000 0000000054c59c78
0x00000000596ff008:   0000000000000000 00000000596ff070
0x00000000596ff018:   0000000002748331 0000000002748331
0x00000000596ff028:   00000000eb8d9218 00000000596ff030
0x00000000596ff038:   0000000054c4f946 00000000596ff080
0x00000000596ff048:   0000000054cab4d8 0000000000000000
0x00000000596ff058:   0000000054c4f970 00000000596ff028 

Instructions: (pc=0x000000000046fa70)
0x000000000046fa50:   00 01 16 00 00 00 00 00 58 01 46 00 00 00 00 00
0x000000000046fa60:   00 00 00 00 00 00 00 00 9d 34 56 1a a6 d6 00 10
0x000000000046fa70:   e0 df 5e e6 fe 07 00 00 01 00 00 00 00 00 00 00
0x000000000046fa80:   00 00 00 00 00 00 00 00 9d 34 56 1a a6 d6 00 10 


Register to memory mapping:

RAX=0x000000000046fa70 is an unknown value
RBX={method} {0x0000000054a6fb60} 'dispose' '()V' in 'com/badlogic/gdx/physics/box2d/Shape'
RCX=0x000000000046fa70 is an unknown value
RDX=0x00000000596fef90 is pointing into the stack for thread: 0x0000000058e76000
RSP=0x00000000596fef68 is pointing into the stack for thread: 0x0000000058e76000
RBP=0x00000000596fefd0 is pointing into the stack for thread: 0x0000000058e76000
RSI=0x00000000eb8d9218 is an oop
com.badlogic.gdx.physics.box2d.PolygonShape 
 - klass: 'com/badlogic/gdx/physics/box2d/PolygonShape'
RDI=0x0000000054cd7250 is pointing into metadata
R8 =0x000000000046fa70 is an unknown value
R9 =0x00000000000000cb is an unknown value
R10=0x0000000002a0c27b is at entry_point+59 in (nmethod*)0x0000000002a0c0d0
R11=0x00000000029f1e20 is at entry_point+32 in (nmethod*)0x00000000029f1c90
R12=0x0000000000000000 is an unknown value
R13=0x00000000596ff028 is pointing into the stack for thread: 0x0000000058e76000
R14=0x0000000000000000 is an unknown value
R15=0x0000000058e76000 is a thread


Stack: [0x0000000059600000,0x0000000059700000],  sp=0x00000000596fef68,  free space=1019k
Native frames: (J=compiled Java code, j=interpreted, Vv=VM code, C=native code)
C  0x000000000046fa70

Java frames: (J=compiled Java code, j=interpreted, Vv=VM code)
J 675  com.badlogic.gdx.physics.box2d.Shape.jniDispose(J)V (0 bytes) @ 0x0000000002a0c27b [0x0000000002a0c240+0x3b]
J 634 C1 com.badlogic.gdx.physics.box2d.Shape.dispose()V (9 bytes) @ 0x00000000029f1e84 [0x00000000029f1e00+0x84]
j  com.game.game_objects.Rectangle.dispose()V+14
j  com.game.ui.PuzzleGame.dispose()V+38
j  com.badlogic.gdx.backends.lwjgl.LwjglApplication.mainLoop()V+822
j  com.badlogic.gdx.backends.lwjgl.LwjglApplication$1.run()V+27
v  ~StubRoutines::call_stub

---------------  P R O C E S S  ---------------

Java Threads: ( => current thread )
  0x0000000058f10800 JavaThread "LWJGL Timer" daemon [_thread_blocked, id=5868, stack(0x000000005e7c0000,0x000000005e8c0000)]
  0x0000000002218000 JavaThread "DestroyJavaVM" [_thread_blocked, id=5556, stack(0x0000000002370000,0x0000000002470000)]
=>0x0000000058e76000 JavaThread "LWJGL Application" [_thread_in_native, id=1916, stack(0x0000000059600000,0x0000000059700000)]
  0x00000000566b6800 JavaThread "Monitor Ctrl-Break" daemon [_thread_in_native, id=3928, stack(0x0000000057480000,0x0000000057580000)]
  0x00000000564a0000 JavaThread "Service Thread" daemon [_thread_blocked, id=6784, stack(0x0000000057130000,0x0000000057230000)]
  0x0000000055047000 JavaThread "C1 CompilerThread2" daemon [_thread_blocked, id=6280, stack(0x0000000056f50000,0x0000000057050000)]
  0x0000000055046000 JavaThread "C2 CompilerThread1" daemon [_thread_blocked, id=4728, stack(0x0000000056d60000,0x0000000056e60000)]
  0x0000000056428000 JavaThread "C2 CompilerThread0" daemon [_thread_blocked, id=5896, stack(0x00000000569e0000,0x0000000056ae0000)]
  0x0000000055044800 JavaThread "Attach Listener" daemon [_thread_blocked, id=816, stack(0x0000000056ae0000,0x0000000056be0000)]
  0x0000000055043000 JavaThread "Signal Dispatcher" daemon [_thread_blocked, id=6304, stack(0x0000000056860000,0x0000000056960000)]
  0x000000005502c800 JavaThread "Finalizer" daemon [_thread_blocked, id=7116, stack(0x0000000056320000,0x0000000056420000)]
  0x0000000054fe5000 JavaThread "Reference Handler" daemon [_thread_blocked, id=3996, stack(0x00000000561b0000,0x00000000562b0000)]

Other Threads:
  0x0000000054fdd800 VMThread [stack: 0x0000000055fa0000,0x00000000560a0000] [id=2792]
  0x00000000564ac800 WatcherThread [stack: 0x0000000057340000,0x0000000057440000] [id=5724]

VM state:not at safepoint (normal execution)

VM Mutex/Monitor currently owned by a thread: None

Heap:
 PSYoungGen      total 18944K, used 7627K [0x00000000eb400000, 0x00000000ec900000, 0x0000000100000000)
  eden space 16384K, 31% used [0x00000000eb400000,0x00000000eb8f88d8,0x00000000ec400000)
  from space 2560K, 99% used [0x00000000ec400000,0x00000000ec67a3b8,0x00000000ec680000)
  to   space 2560K, 0% used [0x00000000ec680000,0x00000000ec680000,0x00000000ec900000)
 ParOldGen       total 44032K, used 553K [0x00000000c1c00000, 0x00000000c4700000, 0x00000000eb400000)
  object space 44032K, 1% used [0x00000000c1c00000,0x00000000c1c8a4b8,0x00000000c4700000)
 Metaspace       used 7543K, capacity 7635K, committed 7936K, reserved 1056768K
  class space    used 692K, capacity 720K, committed 768K, reserved 1048576K

Card table byte_map: [0x0000000011b00000,0x0000000011d00000] byte_map_base: 0x00000000114f2000

Marking Bits: (ParMarkBitMap*) 0x000000005e44a6c0
 Begin Bits: [0x0000000012530000, 0x00000000134c0000)
 End Bits:   [0x00000000134c0000, 0x0000000014450000)

Polling page: 0x0000000000440000

CodeCache: size=245760Kb used=3346Kb max_used=3346Kb free=242413Kb
 bounds [0x0000000002740000, 0x0000000002a90000, 0x0000000011740000]
 total_blobs=1373 nmethods=875 adapters=411
 compilation: enabled

Compilation events (10 events):
Event: 4.674 Thread 0x0000000055047000  869       3       org.lwjgl.opengl.GL20::glVertexAttribPointer (36 bytes)
Event: 4.676 Thread 0x0000000055047000 nmethod 869 0x0000000002a82850 code [0x0000000002a82a80, 0x0000000002a83488]
Event: 4.676 Thread 0x0000000055047000  870       3       org.lwjgl.opengl.GLChecks::ensureArrayVBOenabled (27 bytes)
Event: 4.677 Thread 0x0000000055047000 nmethod 870 0x0000000002a84150 code [0x0000000002a842e0, 0x0000000002a84628]
Event: 4.677 Thread 0x0000000055047000  872       3       com.badlogic.gdx.backends.lwjgl.LwjglGL20::glBindBuffer (6 bytes)
Event: 4.678 Thread 0x0000000055047000 nmethod 872 0x0000000002a848d0 code [0x0000000002a84ac0, 0x0000000002a852c8]
Event: 4.678 Thread 0x0000000055047000  873       3       org.lwjgl.opengl.GL15::glBindBuffer (26 bytes)
Event: 4.679 Thread 0x0000000055047000 nmethod 873 0x0000000002a85850 code [0x0000000002a85a40, 0x0000000002a861c8]
Event: 4.679 Thread 0x0000000055047000  874       3       org.lwjgl.opengl.StateTracker::bindBuffer (125 bytes)
Event: 4.679 Thread 0x0000000055047000 nmethod 874 0x0000000002a86610 code [0x0000000002a867c0, 0x0000000002a86d68]

GC Heap History (2 events):
Event: 1.457 GC heap before
{Heap before GC invocations=1 (full 0):
 PSYoungGen      total 18944K, used 16384K [0x00000000eb400000, 0x00000000ec900000, 0x0000000100000000)
  eden space 16384K, 100% used [0x00000000eb400000,0x00000000ec400000,0x00000000ec400000)
  from space 2560K, 0% used [0x00000000ec680000,0x00000000ec680000,0x00000000ec900000)
  to   space 2560K, 0% used [0x00000000ec400000,0x00000000ec400000,0x00000000ec680000)
 ParOldGen       total 44032K, used 0K [0x00000000c1c00000, 0x00000000c4700000, 0x00000000eb400000)
  object space 44032K, 0% used [0x00000000c1c00000,0x00000000c1c00000,0x00000000c4700000)
 Metaspace       used 7202K, capacity 7299K, committed 7424K, reserved 1056768K
  class space    used 678K, capacity 720K, committed 768K, reserved 1048576K
Event: 1.461 GC heap after
Heap after GC invocations=1 (full 0):
 PSYoungGen      total 18944K, used 2536K [0x00000000eb400000, 0x00000000ec900000, 0x0000000100000000)
  eden space 16384K, 0% used [0x00000000eb400000,0x00000000eb400000,0x00000000ec400000)
  from space 2560K, 99% used [0x00000000ec400000,0x00000000ec67a3b8,0x00000000ec680000)
  to   space 2560K, 0% used [0x00000000ec680000,0x00000000ec680000,0x00000000ec900000)
 ParOldGen       total 44032K, used 553K [0x00000000c1c00000, 0x00000000c4700000, 0x00000000eb400000)
  object space 44032K, 1% used [0x00000000c1c00000,0x00000000c1c8a4b8,0x00000000c4700000)
 Metaspace       used 7202K, capacity 7299K, committed 7424K, reserved 1056768K
  class space    used 678K, capacity 720K, committed 768K, reserved 1048576K
}

Deoptimization events (0 events):
No events

Internal exceptions (10 events):
Event: 0.333 Thread 0x0000000002218000 Exception <a 'java/security/PrivilegedActionException'> (0x00000000eb7689e8) thrown at [C:\re\workspace\8-2-build-windows-amd64-cygwin\jdk8u102\7268\hotspot\src\share\vm\prims\jvm.cpp, line 1386]
Event: 0.333 Thread 0x0000000002218000 Exception <a 'java/security/PrivilegedActionException'> (0x00000000eb768bf8) thrown at [C:\re\workspace\8-2-build-windows-amd64-cygwin\jdk8u102\7268\hotspot\src\share\vm\prims\jvm.cpp, line 1386]
Event: 0.334 Thread 0x0000000002218000 Exception <a 'java/security/PrivilegedActionException'> (0x00000000eb76ccc8) thrown at [C:\re\workspace\8-2-build-windows-amd64-cygwin\jdk8u102\7268\hotspot\src\share\vm\prims\jvm.cpp, line 1386]
Event: 0.334 Thread 0x0000000002218000 Exception <a 'java/security/PrivilegedActionException'> (0x00000000eb76ced8) thrown at [C:\re\workspace\8-2-build-windows-amd64-cygwin\jdk8u102\7268\hotspot\src\share\vm\prims\jvm.cpp, line 1386]
Event: 0.542 Thread 0x0000000002218000 Exception <a 'java/security/PrivilegedActionException'> (0x00000000eb8d91a8) thrown at [C:\re\workspace\8-2-build-windows-amd64-cygwin\jdk8u102\7268\hotspot\src\share\vm\prims\jvm.cpp, line 1386]
Event: 0.543 Thread 0x0000000002218000 Exception <a 'java/security/PrivilegedActionException'> (0x00000000eb8dae80) thrown at [C:\re\workspace\8-2-build-windows-amd64-cygwin\jdk8u102\7268\hotspot\src\share\vm\prims\jvm.cpp, line 1386]
Event: 0.543 Thread 0x0000000002218000 Exception <a 'java/security/PrivilegedActionException'> (0x00000000eb8dbff0) thrown at [C:\re\workspace\8-2-build-windows-amd64-cygwin\jdk8u102\7268\hotspot\src\share\vm\prims\jvm.cpp, line 1386]
Event: 0.543 Thread 0x0000000002218000 Exception <a 'java/security/PrivilegedActionException'> (0x00000000eb8e1158) thrown at [C:\re\workspace\8-2-build-windows-amd64-cygwin\jdk8u102\7268\hotspot\src\share\vm\prims\jvm.cpp, line 1386]
Event: 0.543 Thread 0x0000000002218000 Exception <a 'java/security/PrivilegedActionException'> (0x00000000eb8e1db0) thrown at [C:\re\workspace\8-2-build-windows-amd64-cygwin\jdk8u102\7268\hotspot\src\share\vm\prims\jvm.cpp, line 1386]
Event: 0.543 Thread 0x0000000002218000 Exception <a 'java/security/PrivilegedActionException'> (0x00000000eb8e29d8) thrown at [C:\re\workspace\8-2-build-windows-amd64-cygwin\jdk8u102\7268\hotspot\src\share\vm\prims\jvm.cpp, line 1386]

Events (10 events):
Event: 3.534 loading class com/badlogic/gdx/utils/Timer$TimerThread
Event: 3.534 loading class com/badlogic/gdx/utils/Timer$TimerThread done
Event: 3.535 loading class com/badlogic/gdx/LifecycleListener
Event: 3.535 loading class com/badlogic/gdx/LifecycleListener done
Event: 3.535 Thread 0x0000000059038800 Thread added: 0x0000000059038800
Event: 4.228 Executing VM operation: EnableBiasedLocking
Event: 4.228 Executing VM operation: EnableBiasedLocking done
Event: 4.836 loading class com/badlogic/gdx/backends/lwjgl/LwjglApplication$2
Event: 4.836 loading class com/badlogic/gdx/backends/lwjgl/LwjglApplication$2 done
Event: 4.837 Thread 0x0000000059038800 Thread exited: 0x0000000059038800


Dynamic libraries:
0x000000013fd80000 - 0x000000013fdb7000 	C:\Program Files\Java\jdk1.8.0_102\bin\java.exe
0x0000000076e50000 - 0x0000000076ff9000 	C:\Windows\SYSTEM32\ntdll.dll
0x0000000076c30000 - 0x0000000076d4f000 	C:\Windows\system32\kernel32.dll
0x000007fefcf60000 - 0x000007fefcfcc000 	C:\Windows\system32\KERNELBASE.dll
0x000007fefede0000 - 0x000007fefeebb000 	C:\Windows\system32\ADVAPI32.dll
0x000007fefe6d0000 - 0x000007fefe76f000 	C:\Windows\system32\msvcrt.dll
0x000007feff090000 - 0x000007feff0af000 	C:\Windows\SYSTEM32\sechost.dll
0x000007fefe5a0000 - 0x000007fefe6cd000 	C:\Windows\system32\RPCRT4.dll
0x0000000076d50000 - 0x0000000076e4a000 	C:\Windows\system32\USER32.dll
0x000007fefefa0000 - 0x000007feff007000 	C:\Windows\system32\GDI32.dll
0x000007fefe900000 - 0x000007fefe90e000 	C:\Windows\system32\LPK.dll
0x000007fefe480000 - 0x000007fefe549000 	C:\Windows\system32\USP10.dll
0x000007fefb090000 - 0x000007fefb284000 	C:\Windows\WinSxS\amd64_microsoft.windows.common-controls_6595b64144ccf1df_6.0.7601.17514_none_fa396087175ac9ac\COMCTL32.dll
0x000007fefe880000 - 0x000007fefe8f1000 	C:\Windows\system32\SHLWAPI.dll
0x000007feff0b0000 - 0x000007feff0de000 	C:\Windows\system32\IMM32.DLL
0x000007fefe770000 - 0x000007fefe879000 	C:\Windows\system32\MSCTF.dll
0x000007fefcba0000 - 0x000007fefcbe4000 	C:\Windows\system32\nvinitx.dll
0x000000005eb40000 - 0x000000005ec11000 	C:\Program Files\Java\jdk1.8.0_102\jre\bin\msvcr100.dll
0x000000005dc30000 - 0x000000005e4ca000 	C:\Program Files\Java\jdk1.8.0_102\jre\bin\server\jvm.dll
0x000007fef1e20000 - 0x000007fef1e29000 	C:\Windows\system32\WSOCK32.dll
0x000007fefe550000 - 0x000007fefe59d000 	C:\Windows\system32\WS2_32.dll
0x000007fefe910000 - 0x000007fefe918000 	C:\Windows\system32\NSI.dll
0x000007fef96c0000 - 0x000007fef96fb000 	C:\Windows\system32\WINMM.dll
0x000007fefbd00000 - 0x000007fefbd0c000 	C:\Windows\system32\VERSION.dll
0x0000000077010000 - 0x0000000077017000 	C:\Windows\system32\PSAPI.DLL
0x00000000627a0000 - 0x00000000627af000 	C:\Program Files\Java\jdk1.8.0_102\jre\bin\verify.dll
0x000000005ed40000 - 0x000000005ed69000 	C:\Program Files\Java\jdk1.8.0_102\jre\bin\java.dll
0x0000000062780000 - 0x0000000062796000 	C:\Program Files\Java\jdk1.8.0_102\jre\bin\zip.dll
0x000007fefd270000 - 0x000007fefdff8000 	C:\Windows\system32\SHELL32.dll
0x000007fefe920000 - 0x000007fefeb23000 	C:\Windows\system32\ole32.dll
0x000007fefcc80000 - 0x000007fefcc8f000 	C:\Windows\system32\profapi.dll
0x000007fef41f0000 - 0x000007fef41ff000 	C:\Program Files\Android\Android Studio\bin\breakgen64.dll
0x000000005ed20000 - 0x000000005ed3a000 	C:\Program Files\Java\jdk1.8.0_102\jre\bin\net.dll
0x000007fefc410000 - 0x000007fefc465000 	C:\Windows\system32\mswsock.dll
0x000007fefc400000 - 0x000007fefc407000 	C:\Windows\System32\wship6.dll
0x0000000065580000 - 0x0000000065616000 	C:\Users\Dmitry\AppData\Local\Temp\libgdxDmitry\40f0d13c\gdx64.dll
0x000007fefc470000 - 0x000007fefc487000 	C:\Windows\system32\CRYPTSP.dll
0x000007fefc170000 - 0x000007fefc1b7000 	C:\Windows\system32\rsaenh.dll
0x000007fefceb0000 - 0x000007fefcece000 	C:\Windows\system32\USERENV.dll
0x000007fefcad0000 - 0x000007fefcadf000 	C:\Windows\system32\CRYPTBASE.dll
0x000007fefa540000 - 0x000007fefa567000 	C:\Windows\system32\IPHLPAPI.DLL
0x000007fefa530000 - 0x000007fefa53b000 	C:\Windows\system32\WINNSI.DLL
0x000007fefa360000 - 0x000007fefa378000 	C:\Windows\system32\dhcpcsvc.DLL
0x000007fefa340000 - 0x000007fefa351000 	C:\Windows\system32\dhcpcsvc6.DLL
0x000000005ed00000 - 0x000000005ed11000 	C:\Program Files\Java\jdk1.8.0_102\jre\bin\nio.dll
0x0000000180000000 - 0x0000000180053000 	C:\Users\Dmitry\AppData\Local\Temp\libgdxDmitry\dc0f0009\lwjgl64.dll
0x000007fee6160000 - 0x000007fee627d000 	C:\Windows\system32\OPENGL32.dll
0x000007fef41c0000 - 0x000007fef41ed000 	C:\Windows\system32\GLU32.dll
0x000007feef1c0000 - 0x000007feef2b1000 	C:\Windows\system32\DDRAW.dll
0x000007fefa2f0000 - 0x000007fefa2f8000 	C:\Windows\system32\DCIMAN32.dll
0x000007fefe2a0000 - 0x000007fefe477000 	C:\Windows\system32\SETUPAPI.dll
0x000007fefcfd0000 - 0x000007fefd006000 	C:\Windows\system32\CFGMGR32.dll
0x000007fefeec0000 - 0x000007fefef97000 	C:\Windows\system32\OLEAUT32.dll
0x000007fefcef0000 - 0x000007fefcf0a000 	C:\Windows\system32\DEVOBJ.dll
0x000007fefa740000 - 0x000007fefa758000 	C:\Windows\system32\dwmapi.dll
0x00000000022e0000 - 0x0000000002344000 	C:\Users\Dmitry\AppData\Local\Temp\libgdxDmitry\dc0f0009\OpenAL64.dll
0x000007fefb290000 - 0x000007fefb2e6000 	C:\Windows\system32\uxtheme.dll
0x000007fefe000000 - 0x000007fefe099000 	C:\Windows\system32\CLBCatQ.DLL
0x000007fefb310000 - 0x000007fefb43c000 	C:\Windows\System32\PROPSYS.dll
0x000007fefcf20000 - 0x000007fefcf59000 	C:\Windows\system32\WINTRUST.dll
0x000007fefcd40000 - 0x000007fefceaa000 	C:\Windows\system32\CRYPT32.dll
0x000007fefcc90000 - 0x000007fefcc9f000 	C:\Windows\system32\MSASN1.dll
0x000007fef2810000 - 0x000007fef2898000 	C:\Windows\system32\dsound.dll
0x000007fefb900000 - 0x000007fefb92c000 	C:\Windows\system32\POWRPROF.dll
0x000007fefb8b0000 - 0x000007fefb8fb000 	C:\Windows\System32\MMDevApi.dll
0x000007fef2a60000 - 0x000007fef2aaf000 	C:\Windows\system32\AUDIOSES.DLL
0x0000000059700000 - 0x000000005a77c000 	C:\Windows\system32\ig7icd64.dll
0x000007fef9700000 - 0x000007fef979c000 	C:\Windows\system32\mscms.dll
0x000007fef4170000 - 0x000007fef41b2000 	C:\Windows\system32\icm32.dll
0x0000000066bc0000 - 0x0000000066c7b000 	C:\Users\Dmitry\AppData\Local\Temp\libgdxDmitry\ad04a22e\gdx-box2d64.dll
0x000007fee6520000 - 0x000007fee6645000 	C:\Windows\system32\dbghelp.dll

VM Arguments:
jvm_args: -Didea.launcher.port=7534 -Didea.launcher.bin.path=C:\Program Files\Android\Android Studio\bin -Dfile.encoding=UTF-8 
java_command: com.intellij.rt.execution.application.AppMain com.game.desktop.DesktopLauncher
java_class_path (initial): C:\Program Files\Java\jdk1.8.0_102\jre\lib\charsets.jar;C:\Program Files\Java\jdk1.8.0_102\jre\lib\deploy.jar;C:\Program Files\Java\jdk1.8.0_102\jre\lib\ext\access-bridge-64.jar;C:\Program Files\Java\jdk1.8.0_102\jre\lib\ext\cldrdata.jar;C:\Program Files\Java\jdk1.8.0_102\jre\lib\ext\dnsns.jar;C:\Program Files\Java\jdk1.8.0_102\jre\lib\ext\jaccess.jar;C:\Program Files\Java\jdk1.8.0_102\jre\lib\ext\jfxrt.jar;C:\Program Files\Java\jdk1.8.0_102\jre\lib\ext\localedata.jar;C:\Program Files\Java\jdk1.8.0_102\jre\lib\ext\nashorn.jar;C:\Program Files\Java\jdk1.8.0_102\jre\lib\ext\sunec.jar;C:\Program Files\Java\jdk1.8.0_102\jre\lib\ext\sunjce_provider.jar;C:\Program Files\Java\jdk1.8.0_102\jre\lib\ext\sunmscapi.jar;C:\Program Files\Java\jdk1.8.0_102\jre\lib\ext\sunpkcs11.jar;C:\Program Files\Java\jdk1.8.0_102\jre\lib\ext\zipfs.jar;C:\Program Files\Java\jdk1.8.0_102\jre\lib\javaws.jar;C:\Program Files\Java\jdk1.8.0_102\jre\lib\jce.jar;C:\Program Files\Java\jdk1.8.0_102\jre\lib\jfr.jar;C:\Program Files\Java\jdk1.8.0_102\jre\lib\jfxswt.jar;C:\Program Files\Java\jdk1.8.0_102\jre\lib\jsse.jar;C:\Program Files\Java\jdk1.8.0_102\jre\lib\management-agent.jar;C:\Program Files\Java\jdk1.8.0_102\jre\lib\plugin.jar;C:\Program Files\Java\jdk1.8.0_102\jre\lib\resources.jar;C:\Program Files\Java\jdk1.8.0_102\jre\lib\rt.jar;C:\Users\Dmitry\AndroidStudioProjects\Physical-puzzle\desktop\build\classes\main;C:\Users\Dmitry\AndroidStudioProjects\Physical-puzzle\core\build\classes\main;C:\Users\Dmitry\.gradle\caches\modules-2\files-2.1\com.badlogicgames.gdx\gdx\1.6.1\bb5fe9832bcfe4bbc1de6bd357085b8a2a845d9c\gdx-1.6.1.jar;C:\Users\Dmitry\.gradle\caches\modules-2\files-2.1\com.badlogicgames.gdx\gdx-box2d\1.6.1\54d45169ae4f97d6ae4fe9daed87d80eea700f67\gdx-box2d-1.6.1.jar;C:\Users\Dmitry\AndroidStudioProjects\Physical-puzzle\core\build\libs\core-1.0.jar;C:\Users\Dmitry\.gradle\caches\modules-2\files-2.1\com.badlogicgames.gdx\gdx-backend-lwjgl\1.6.1\e3208559223c991f1db722
Launcher Type: SUN_STANDARD

Environment Variables:
JAVA_HOME=C:\Program Files\Java\jdk1.8.0_102
PATH=C:\ProgramData\Oracle\Java\javapath;C:\Program Files (x86)\Intel\iCLS Client\;C:\Program Files\Intel\iCLS Client\;C:\Windows\system32;C:\Windows;C:\Windows\System32\Wbem;C:\Windows\System32\WindowsPowerShell\v1.0\;C:\Program Files (x86)\Intel\OpenCL SDK\2.0\bin\x86;C:\Program Files (x86)\Intel\OpenCL SDK\2.0\bin\x64;C:\Program Files\Intel\Intel(R) Management Engine Components\DAL;C:\Program Files\Intel\Intel(R) Management Engine Components\IPT;C:\Program Files (x86)\Intel\Intel(R) Management Engine Components\DAL;C:\Program Files (x86)\Intel\Intel(R) Management Engine Components\IPT;C:\Program Files\Java\jdk1.8.0_102\bin;C:\Program Files (x86)\Skype\Phone\;C:\Program Files (x86)\Microsoft SQL Server\100\Tools\Binn\;C:\Program Files\Microsoft SQL Server\100\Tools\Binn\;C:\Program Files\Microsoft SQL Server\100\DTS\Binn\
USERNAME=Dmitry
OS=Windows_NT
PROCESSOR_IDENTIFIER=Intel64 Family 6 Model 58 Stepping 9, GenuineIntel



---------------  S Y S T E M  ---------------

OS: Windows 7 , 64 bit Build 7601 (6.1.7601.18409)

CPU:total 4 (2 cores per cpu, 2 threads per core) family 6 model 58 stepping 9, cmov, cx8, fxsr, mmx, sse, sse2, sse3, ssse3, sse4.1, sse4.2, popcnt, avx, clmul, erms, ht, tsc, tscinvbit, tscinv

Memory: 4k page, physical 4077128k(851496k free), swap 8152392k(2826724k free)

vm_info: Java HotSpot(TM) 64-Bit Server VM (25.102-b14) for windows-amd64 JRE (1.8.0_102-b14), built on Jun 22 2016 13:15:21 by "java_re" with MS VC++ 10.0 (VS2010)

time: Mon Aug 29 16:02:07 2016
elapsed time: 4 seconds (0d 0h 0m 4s)

